\BOOKMARK [0][-]{chapter*.2}{\376\377\000R\000e\000m\000e\000r\000c\000i\000e\000m\000e\000n\000t\000s}{}% 1
\BOOKMARK [0][-]{chapter*.3}{\376\377\000\311\000n\000o\000n\000c\000\351\000\040\000d\000u\000\040\000s\000u\000j\000e\000t}{}% 2
\BOOKMARK [0][-]{chapter*.4}{\376\377\000R\000\351\000s\000u\000m\000\351}{}% 3
\BOOKMARK [0][-]{section*.5}{\376\377\000L\000i\000s\000t\000e\000\040\000d\000e\000\040\000a\000c\000r\000o\000n\000y\000m\000e\000s}{}% 4
\BOOKMARK [0][-]{chapter*.7}{\376\377\000L\000i\000s\000t\000e\000\040\000d\000e\000s\000\040\000i\000l\000l\000u\000s\000t\000r\000a\000t\000i\000o\000n\000s}{}% 5
\BOOKMARK [0][-]{chapter*.8}{\376\377\000L\000i\000s\000t\000e\000\040\000d\000e\000s\000\040\000t\000a\000b\000l\000e\000a\000u\000x}{}% 6
\BOOKMARK [0][-]{chapter*.9}{\376\377\000L\000i\000s\000t\000e\000\040\000d\000e\000s\000\040\000a\000n\000n\000e\000x\000e\000s}{}% 7
\BOOKMARK [0][-]{chapter*.10}{\376\377\000I\000n\000t\000r\000o\000d\000u\000c\000t\000i\000o\000n}{}% 8
\BOOKMARK [0][-]{chapter.1}{\376\377\000C\000h\000a\000p\000i\000t\000r\000e\000\040\0000\000\040\000:\000\040\000B\000a\000s\000e\000\040\000T\000e\000c\000h\000n\000i\000q\000u\000e}{}% 9
\BOOKMARK [1][-]{section.1.1}{\376\377\000F\000P\000G\000A}{chapter.1}% 10
\BOOKMARK [1][-]{section.1.2}{\376\377\000F\000o\000n\000c\000t\000i\000o\000n\000\040\000d\000e\000\040\000h\000a\000c\000h\000a\000g\000e}{chapter.1}% 11
\BOOKMARK [2][-]{subsection.1.2.1}{\376\377\000S\000a\000l\000t}{section.1.2}% 12
\BOOKMARK [2][-]{subsection.1.2.2}{\376\377\000A\000t\000t\000a\000q\000u\000e\000\040\000p\000a\000r\000\040\000b\000r\000u\000t\000e\000f\000o\000r\000c\000e}{section.1.2}% 13
\BOOKMARK [0][-]{chapter.2}{\376\377\000C\000h\000a\000p\000i\000t\000r\000e\000\040\0001\000\040\000:\000\040\000A\000n\000a\000l\000y\000s\000e}{}% 14
\BOOKMARK [1][-]{section.2.1}{\376\377\000D\000e\000s\000c\000r\000i\000p\000t\000i\000o\000n\000\040\000d\000u\000\040\000p\000r\000o\000j\000e\000t}{chapter.2}% 15
\BOOKMARK [1][-]{section.2.2}{\376\377\000M\000\351\000t\000h\000o\000d\000e\000s\000\040\000d\000e\000\040\000c\000o\000m\000m\000u\000n\000i\000c\000a\000t\000i\000o\000n}{chapter.2}% 16
\BOOKMARK [2][-]{subsection.2.2.1}{\376\377\000U\000A\000R\000T}{section.2.2}% 17
\BOOKMARK [2][-]{subsection.2.2.2}{\376\377\000P\000C\000I\000e}{section.2.2}% 18
\BOOKMARK [2][-]{subsection.2.2.3}{\376\377\000E\000t\000h\000e\000r\000n\000e\000t}{section.2.2}% 19
\BOOKMARK [1][-]{section.2.3}{\376\377\000B\000c\000r\000y\000p\000t}{chapter.2}% 20
\BOOKMARK [2][-]{subsection.2.3.1}{\376\377\000A\000l\000g\000o\000r\000i\000t\000h\000m\000e}{section.2.3}% 21
\BOOKMARK [2][-]{subsection.2.3.2}{\376\377\000F\000o\000r\000m\000a\000t\000\040\000d\000u\000\040\000H\000a\000s\000h}{section.2.3}% 22
\BOOKMARK [1][-]{section.2.4}{\376\377\000P\000r\000o\000j\000e\000t\000\040\000d\000e\000\040\000s\000e\000m\000e\000s\000t\000r\000e}{chapter.2}% 23
\BOOKMARK [0][-]{chapter.3}{\376\377\000C\000h\000a\000p\000i\000t\000r\000e\000\040\0002\000\040\000:\000\040\000S\000o\000l\000u\000t\000i\000o\000n\000\040\000U\000A\000R\000T}{}% 24
\BOOKMARK [1][-]{section.3.1}{\376\377\000S\000y\000s\000t\000\350\000m\000e\000\040\000d\000e\000\040\000p\000a\000q\000u\000e\000t}{chapter.3}% 25
\BOOKMARK [2][-]{subsection.3.1.1}{\376\377\000E\000n\000c\000o\000d\000a\000g\000e\000\040\000C\000o\000b\000s}{section.3.1}% 26
\BOOKMARK [2][-]{subsection.3.1.2}{\376\377\000C\000R\000C}{section.3.1}% 27
\BOOKMARK [2][-]{subsection.3.1.3}{\376\377\000T\000r\000a\000n\000s\000m\000i\000s\000s\000i\000o\000n\000\040\000e\000t\000\040\000R\000\351\000c\000e\000p\000t\000i\000o\000n\000\040\000d\000e\000\040\000P\000a\000q\000u\000e\000t}{section.3.1}% 28
\BOOKMARK [1][-]{section.3.2}{\376\377\000I\000m\000p\000l\000\351\000m\000e\000n\000t\000a\000t\000i\000o\000n\000\040\000s\000u\000r\000\040\000F\000P\000G\000A}{chapter.3}% 29
\BOOKMARK [2][-]{subsection.3.2.1}{\376\377\000A\000r\000c\000h\000i\000t\000e\000c\000t\000u\000r\000e\000\040\000L\000o\000g\000i\000q\000u\000e}{section.3.2}% 30
\BOOKMARK [2][-]{subsection.3.2.2}{\376\377\000U\000A\000R\000T}{section.3.2}% 31
\BOOKMARK [2][-]{subsection.3.2.3}{\376\377\000M\000o\000d\000i\000f\000i\000c\000a\000t\000i\000o\000n\000s\000\040\000B\000c\000r\000y\000p\000t\000\040\000C\000r\000a\000c\000k\000e\000r}{section.3.2}% 32
\BOOKMARK [2][-]{subsection.3.2.4}{\376\377\000I\000m\000p\000l\000\351\000m\000e\000n\000t\000a\000t\000i\000o\000n\000\040\000-\000\040\000M\000O\000S\000I}{section.3.2}% 33
\BOOKMARK [3][-]{subsubsection.3.2.4.1}{\376\377\000M\000o\000d\000u\000l\000e\000\040\000-\000\040\000P\000a\000c\000k\000e\000t\000\040\000R\000e\000c\000e\000i\000v\000e\000r}{subsection.3.2.4}% 34
\BOOKMARK [3][-]{subsubsection.3.2.4.2}{\376\377\000M\000o\000d\000u\000l\000e\000\040\000-\000\040\000R\000X\000\040\000P\000a\000c\000k\000e\000t\000\040\000P\000r\000o\000c\000e\000s\000s}{subsection.3.2.4}% 35
\BOOKMARK [3][-]{subsubsection.3.2.4.3}{\376\377\000M\000o\000d\000u\000l\000e\000\040\000-\000\040\000R\000X\000\040\000P\000a\000c\000k\000e\000t\000\040\000P\000i\000p\000e\000l\000i\000n\000e}{subsection.3.2.4}% 36
\BOOKMARK [2][-]{subsection.3.2.5}{\376\377\000I\000m\000p\000l\000\351\000m\000e\000n\000t\000a\000t\000i\000o\000n\000\040\000-\000\040\000M\000I\000S\000O}{section.3.2}% 37
\BOOKMARK [3][-]{subsubsection.3.2.5.1}{\376\377\000M\000o\000d\000u\000l\000e\000\040\000-\000\040\000P\000a\000c\000k\000e\000t\000\040\000T\000r\000a\000n\000s\000m\000i\000t\000t\000e\000r}{subsection.3.2.5}% 38
\BOOKMARK [3][-]{subsubsection.3.2.5.2}{\376\377\000M\000o\000d\000u\000l\000e\000\040\000-\000\040\000T\000X\000\040\000P\000a\000c\000k\000e\000t\000\040\000P\000i\000p\000e\000l\000i\000n\000e}{subsection.3.2.5}% 39
\BOOKMARK [2][-]{subsection.3.2.6}{\376\377\000T\000e\000s\000t\000s}{section.3.2}% 40
\BOOKMARK [3][-]{subsubsection.3.2.6.1}{\376\377\000S\000i\000m\000u\000l\000a\000t\000i\000o\000n\000s}{subsection.3.2.6}% 41
\BOOKMARK [3][-]{subsubsection.3.2.6.2}{\376\377\000V\000\351\000r\000i\000f\000i\000c\000a\000t\000i\000o\000n\000\040\000H\000a\000r\000d\000w\000a\000r\000e}{subsection.3.2.6}% 42
\BOOKMARK [1][-]{section.3.3}{\376\377\000I\000n\000t\000e\000r\000f\000a\000c\000e\000\040\000U\000t\000i\000l\000i\000s\000a\000t\000e\000u\000r}{chapter.3}% 43
\BOOKMARK [0][-]{chapter.4}{\376\377\000C\000h\000a\000p\000i\000t\000r\000e\000\040\0003\000\040\000:\000\040\000S\000o\000l\000u\000t\000i\000o\000n\000\040\000P\000C\000I\000e}{}% 44
\BOOKMARK [0][-]{chapter.5}{\376\377\000C\000h\000a\000p\000i\000t\000r\000e\000\040\0004\000\040\000:\000\040\000M\000e\000s\000u\000r\000e\000s\000\040\000e\000t\000\040\000P\000e\000r\000f\000o\000r\000m\000a\000n\000c\000e\000s}{}% 45
\BOOKMARK [1][-]{section.5.1}{\376\377\000M\000e\000s\000u\000r\000e\000s\000\040\000F\000P\000G\000A}{chapter.5}% 46
\BOOKMARK [1][-]{section.5.2}{\376\377\000M\000e\000s\000u\000r\000e\000s\000\040\000C\000P\000U}{chapter.5}% 47
\BOOKMARK [1][-]{section.5.3}{\376\377\000M\000e\000s\000u\000r\000e\000s\000\040\000G\000P\000U}{chapter.5}% 48
\BOOKMARK [0][-]{chapter*.20}{\376\377\000C\000o\000n\000c\000l\000u\000s\000i\000o\000n}{}% 49
\BOOKMARK [0][-]{chapter*.20}{\376\377\000A\000n\000n\000e\000x\000e\000s}{}% 50
\BOOKMARK [0][-]{chapter*.22}{\376\377\000A\000n\000n\000e\000x\000e\000\040\0001}{}% 51
\BOOKMARK [0][-]{chapter*.23}{\376\377\000R\000\351\000f\000\351\000r\000e\000n\000c\000e\000s\000\040\000d\000o\000c\000u\000m\000e\000n\000t\000a\000i\000r\000e\000s}{}% 52
