This is pdfTeX, Version 3.141592653-2.6-1.40.26 (MiKTeX 24.3) (preloaded format=pdflatex 2024.3.20)  11 AUG 2024 20:55
entering extended mode
 restricted \write18 enabled.
 file:line:error style messages enabled.
 %&-line parsing enabled.
**c:/Users/abiva/Desktop/Projet_Bachelor/fpga_bruteforce_attack/docs/projet_bachelor/paper/code/kandiah_bachelor_thesis.tex
(c:/Users/abiva/Desktop/Projet_Bachelor/fpga_bruteforce_attack/docs/projet_bachelor/paper/code/kandiah_bachelor_thesis.tex
LaTeX2e <2023-11-01> patch level 1
L3 programming layer <2024-03-14>
(C:\Users\abiva\AppData\Local\Programs\MiKTeX\tex/latex/url\url.sty
\Urlmuskip=\muskip16
Package: url 2013/09/16  ver 3.4  Verb mode for urls, etc.
) (C:\Users\abiva\AppData\Local\Programs\MiKTeX\tex/latex/base\report.cls
Document Class: report 2023/05/17 v1.4n Standard LaTeX document class
(C:\Users\abiva\AppData\Local\Programs\MiKTeX\tex/latex/base\size12.clo
File: size12.clo 2023/05/17 v1.4n Standard LaTeX file (size option)
)
\c@part=\count188
\c@chapter=\count189
\c@section=\count190
\c@subsection=\count191
\c@subsubsection=\count192
\c@paragraph=\count193
\c@subparagraph=\count194
\c@figure=\count195
\c@table=\count196
\abovecaptionskip=\skip48
\belowcaptionskip=\skip49
\bibindent=\dimen140
) (C:\Users\abiva\AppData\Local\Programs\MiKTeX\tex/latex/biblatex\biblatex.sty
Package: biblatex 2023/03/05 v3.19 programmable bibliographies (PK/MW)
 (C:\Users\abiva\AppData\Local\Programs\MiKTeX\tex/generic/pdftexcmds\pdftexcmds.sty
Package: pdftexcmds 2020-06-27 v0.33 Utility functions of pdfTeX for LuaTeX (HO)
 (C:\Users\abiva\AppData\Local\Programs\MiKTeX\tex/generic/infwarerr\infwarerr.sty
Package: infwarerr 2019/12/03 v1.5 Providing info/warning/error messages (HO)
) (C:\Users\abiva\AppData\Local\Programs\MiKTeX\tex/generic/iftex\iftex.sty
Package: iftex 2022/02/03 v1.0f TeX engine tests
) (C:\Users\abiva\AppData\Local\Programs\MiKTeX\tex/generic/ltxcmds\ltxcmds.sty
Package: ltxcmds 2023-12-04 v1.26 LaTeX kernel commands for general use (HO)
)
Package pdftexcmds Info: \pdf@primitive is available.
Package pdftexcmds Info: \pdf@ifprimitive is available.
Package pdftexcmds Info: \pdfdraftmode found.
) (C:\Users\abiva\AppData\Local\Programs\MiKTeX\tex/latex/etoolbox\etoolbox.sty
Package: etoolbox 2020/10/05 v2.5k e-TeX tools for LaTeX (JAW)
\etb@tempcnta=\count197
) (C:\Users\abiva\AppData\Local\Programs\MiKTeX\tex/latex/graphics\keyval.sty
Package: keyval 2022/05/29 v1.15 key=value parser (DPC)
\KV@toks@=\toks17
) (C:\Users\abiva\AppData\Local\Programs\MiKTeX\tex/latex/kvoptions\kvoptions.sty
Package: kvoptions 2022-06-15 v3.15 Key value format for package options (HO)
 (C:\Users\abiva\AppData\Local\Programs\MiKTeX\tex/latex/kvsetkeys\kvsetkeys.sty
Package: kvsetkeys 2022-10-05 v1.19 Key value parser (HO)
)) (C:\Users\abiva\AppData\Local\Programs\MiKTeX\tex/latex/logreq\logreq.sty
Package: logreq 2010/08/04 v1.0 xml request logger
\lrq@indent=\count198
 (C:\Users\abiva\AppData\Local\Programs\MiKTeX\tex/latex/logreq\logreq.def
File: logreq.def 2010/08/04 v1.0 logreq spec v1.0
)) (C:\Users\abiva\AppData\Local\Programs\MiKTeX\tex/latex/base\ifthen.sty
Package: ifthen 2022/04/13 v1.1d Standard LaTeX ifthen package (DPC)
)
\c@tabx@nest=\count199
\c@listtotal=\count266
\c@listcount=\count267
\c@liststart=\count268
\c@liststop=\count269
\c@citecount=\count270
\c@citetotal=\count271
\c@multicitecount=\count272
\c@multicitetotal=\count273
\c@instcount=\count274
\c@maxnames=\count275
\c@minnames=\count276
\c@maxitems=\count277
\c@minitems=\count278
\c@citecounter=\count279
\c@maxcitecounter=\count280
\c@savedcitecounter=\count281
\c@uniquelist=\count282
\c@uniquename=\count283
\c@refsection=\count284
\c@refsegment=\count285
\c@maxextratitle=\count286
\c@maxextratitleyear=\count287
\c@maxextraname=\count288
\c@maxextradate=\count289
\c@maxextraalpha=\count290
\c@abbrvpenalty=\count291
\c@highnamepenalty=\count292
\c@lownamepenalty=\count293
\c@maxparens=\count294
\c@parenlevel=\count295
\blx@tempcnta=\count296
\blx@tempcntb=\count297
\blx@tempcntc=\count298
\c@blx@maxsection=\count299
\blx@maxsegment@0=\count300
\blx@notetype=\count301
\blx@parenlevel@text=\count302
\blx@parenlevel@foot=\count303
\blx@sectionciteorder@0=\count304
\blx@sectionciteorderinternal@0=\count305
\blx@entrysetcounter=\count306
\blx@biblioinstance=\count307
\labelnumberwidth=\skip50
\labelalphawidth=\skip51
\biblabelsep=\skip52
\bibitemsep=\skip53
\bibnamesep=\skip54
\bibinitsep=\skip55
\bibparsep=\skip56
\bibhang=\skip57
\blx@bcfin=\read2
\blx@bcfout=\write3
\blx@langwohyphens=\language79
\c@mincomprange=\count308
\c@maxcomprange=\count309
\c@mincompwidth=\count310
Package biblatex Info: Trying to load biblatex default data model...
Package biblatex Info: ... file 'blx-dm.def' found.
 (C:\Users\abiva\AppData\Local\Programs\MiKTeX\tex/latex/biblatex\blx-dm.def
File: blx-dm.def 2023/03/05 v3.19 biblatex localization (PK/MW)
)
Package biblatex Info: Trying to load biblatex style data model...
Package biblatex Info: ... file 'verbose.dbx' not found.
Package biblatex Info: Trying to load biblatex custom data model...
Package biblatex Info: ... file 'biblatex-dm.cfg' not found.
\c@afterword=\count311
\c@savedafterword=\count312
\c@annotator=\count313
\c@savedannotator=\count314
\c@author=\count315
\c@savedauthor=\count316
\c@bookauthor=\count317
\c@savedbookauthor=\count318
\c@commentator=\count319
\c@savedcommentator=\count320
\c@editor=\count321
\c@savededitor=\count322
\c@editora=\count323
\c@savededitora=\count324
\c@editorb=\count325
\c@savededitorb=\count326
\c@editorc=\count327
\c@savededitorc=\count328
\c@foreword=\count329
\c@savedforeword=\count330
\c@holder=\count331
\c@savedholder=\count332
\c@introduction=\count333
\c@savedintroduction=\count334
\c@namea=\count335
\c@savednamea=\count336
\c@nameb=\count337
\c@savednameb=\count338
\c@namec=\count339
\c@savednamec=\count340
\c@translator=\count341
\c@savedtranslator=\count342
\c@shortauthor=\count343
\c@savedshortauthor=\count344
\c@shorteditor=\count345
\c@savedshorteditor=\count346
\c@labelname=\count347
\c@savedlabelname=\count348
\c@institution=\count349
\c@savedinstitution=\count350
\c@lista=\count351
\c@savedlista=\count352
\c@listb=\count353
\c@savedlistb=\count354
\c@listc=\count355
\c@savedlistc=\count356
\c@listd=\count357
\c@savedlistd=\count358
\c@liste=\count359
\c@savedliste=\count360
\c@listf=\count361
\c@savedlistf=\count362
\c@location=\count363
\c@savedlocation=\count364
\c@organization=\count365
\c@savedorganization=\count366
\c@origlocation=\count367
\c@savedoriglocation=\count368
\c@origpublisher=\count369
\c@savedorigpublisher=\count370
\c@publisher=\count371
\c@savedpublisher=\count372
\c@language=\count373
\c@savedlanguage=\count374
\c@origlanguage=\count375
\c@savedoriglanguage=\count376
\c@pageref=\count377
\c@savedpageref=\count378
\shorthandwidth=\skip58
\shortjournalwidth=\skip59
\shortserieswidth=\skip60
\shorttitlewidth=\skip61
\shortauthorwidth=\skip62
\shorteditorwidth=\skip63
\locallabelnumberwidth=\skip64
\locallabelalphawidth=\skip65
\localshorthandwidth=\skip66
\localshortjournalwidth=\skip67
\localshortserieswidth=\skip68
\localshorttitlewidth=\skip69
\localshortauthorwidth=\skip70
\localshorteditorwidth=\skip71
Package biblatex Info: Trying to load compatibility code...
Package biblatex Info: ... file 'blx-compat.def' found.
 (C:\Users\abiva\AppData\Local\Programs\MiKTeX\tex/latex/biblatex\blx-compat.def
File: blx-compat.def 2023/03/05 v3.19 biblatex compatibility (PK/MW)
)
Package biblatex Info: Trying to load generic definitions...
Package biblatex Info: ... file 'biblatex.def' found.
 (C:\Users\abiva\AppData\Local\Programs\MiKTeX\tex/latex/biblatex\biblatex.def
File: biblatex.def 2023/03/05 v3.19 biblatex compatibility (PK/MW)
\c@textcitecount=\count379
\c@textcitetotal=\count380
\c@textcitemaxnames=\count381
\c@biburlbigbreakpenalty=\count382
\c@biburlbreakpenalty=\count383
\c@biburlnumpenalty=\count384
\c@biburlucpenalty=\count385
\c@biburllcpenalty=\count386
\biburlbigskip=\muskip17
\biburlnumskip=\muskip18
\biburlucskip=\muskip19
\biburllcskip=\muskip20
\c@smartand=\count387
)
Package biblatex Info: Trying to load bibliography style 'verbose'...
Package biblatex Info: ... file 'verbose.bbx' found.
 (C:\Users\abiva\AppData\Local\Programs\MiKTeX\tex/latex/biblatex/bbx\verbose.bbx
File: verbose.bbx 2023/03/05 v3.19 biblatex bibliography style (PK/MW)
Package biblatex Info: Trying to load bibliography style 'authortitle'...
Package biblatex Info: ... file 'authortitle.bbx' found.
 (C:\Users\abiva\AppData\Local\Programs\MiKTeX\tex/latex/biblatex/bbx\authortitle.bbx
File: authortitle.bbx 2023/03/05 v3.19 biblatex bibliography style (PK/MW)
Package biblatex Info: Trying to load bibliography style 'standard'...
Package biblatex Info: ... file 'standard.bbx' found.
 (C:\Users\abiva\AppData\Local\Programs\MiKTeX\tex/latex/biblatex/bbx\standard.bbx
File: standard.bbx 2023/03/05 v3.19 biblatex bibliography style (PK/MW)
\c@bbx:relatedcount=\count388
\c@bbx:relatedtotal=\count389
)))
Package biblatex Info: Trying to load citation style 'verbose'...
Package biblatex Info: ... file 'verbose.cbx' found.
 (C:\Users\abiva\AppData\Local\Programs\MiKTeX\tex/latex/biblatex/cbx\verbose.cbx
File: verbose.cbx 2023/03/05 v3.19 biblatex citation style (PK/MW)
Package biblatex Info: Redefining '\cite'.
Package biblatex Info: Redefining '\parencite'.
Package biblatex Info: Redefining '\footcite'.
Package biblatex Info: Redefining '\footcitetext'.
Package biblatex Info: Redefining '\smartcite'.
Package biblatex Info: Redefining '\textcite'.
Package biblatex Info: Redefining '\textcites'.
)
Package biblatex Info: Trying to load configuration file...
Package biblatex Info: ... file 'biblatex.cfg' found.
 (C:\Users\abiva\AppData\Local\Programs\MiKTeX\tex/latex/biblatex\biblatex.cfg
File: biblatex.cfg 
)
Package biblatex Info: Input encoding 'utf8' detected.
Package biblatex Info: Document encoding is UTF8 ....
 (C:\Users\abiva\AppData\Local\Programs\MiKTeX\tex/latex/l3kernel\expl3.sty
Package: expl3 2024-03-14 L3 programming layer (loader) 
 (C:\Users\abiva\AppData\Local\Programs\MiKTeX\tex/latex/l3backend\l3backend-pdftex.def
File: l3backend-pdftex.def 2024-03-14 L3 backend support: PDF output (pdfTeX)
\l__color_backend_stack_int=\count390
\l__pdf_internal_box=\box51
))
Package biblatex Info: ... and expl3
(biblatex)             2024-03-14 L3 programming layer (loader) 
(biblatex)             is new enough (at least 2020/04/06),
(biblatex)             setting 'casechanger=expl3'.
 (C:\Users\abiva\AppData\Local\Programs\MiKTeX\tex/latex/biblatex\blx-case-expl3.sty (C:\Users\abiva\AppData\Local\Programs\MiKTeX\tex/latex/l3packages/xparse\xparse.sty
Package: xparse 2024-03-14 L3 Experimental document command parser
)
Package: blx-case-expl3 2023/03/05 v3.19 expl3 case changing code for biblatex
)) (C:\Users\abiva\AppData\Local\Programs\MiKTeX\tex/latex/pdfpages\pdfpages.sty
Package: pdfpages 2024/05/29 v0.6a Insert pages of external PDF documents (AM)
 (C:\Users\abiva\AppData\Local\Programs\MiKTeX\tex/latex/tools\calc.sty
Package: calc 2023/07/08 v4.3 Infix arithmetic (KKT,FJ)
\calc@Acount=\count391
\calc@Bcount=\count392
\calc@Adimen=\dimen141
\calc@Bdimen=\dimen142
\calc@Askip=\skip72
\calc@Bskip=\skip73
LaTeX Info: Redefining \setlength on input line 80.
LaTeX Info: Redefining \addtolength on input line 81.
\calc@Ccount=\count393
\calc@Cskip=\skip74
) (C:\Users\abiva\AppData\Local\Programs\MiKTeX\tex/latex/eso-pic\eso-pic.sty
Package: eso-pic 2023/05/03 v3.0c eso-pic (RN)
\ESO@tempdima=\dimen143
\ESO@tempdimb=\dimen144
 (C:\Users\abiva\AppData\Local\Programs\MiKTeX\tex/latex/xcolor\xcolor.sty
Package: xcolor 2023/11/15 v3.01 LaTeX color extensions (UK)
 (C:\Users\abiva\AppData\Local\Programs\MiKTeX\tex/latex/graphics-cfg\color.cfg
File: color.cfg 2016/01/02 v1.6 sample color configuration
)
Package xcolor Info: Driver file: pdftex.def on input line 274.
 (C:\Users\abiva\AppData\Local\Programs\MiKTeX\tex/latex/graphics-def\pdftex.def
File: pdftex.def 2022/09/22 v1.2b Graphics/color driver for pdftex
) (C:\Users\abiva\AppData\Local\Programs\MiKTeX\tex/latex/graphics\mathcolor.ltx)
Package xcolor Info: Model `cmy' substituted by `cmy0' on input line 1350.
Package xcolor Info: Model `hsb' substituted by `rgb' on input line 1354.
Package xcolor Info: Model `RGB' extended on input line 1366.
Package xcolor Info: Model `HTML' substituted by `rgb' on input line 1368.
Package xcolor Info: Model `Hsb' substituted by `hsb' on input line 1369.
Package xcolor Info: Model `tHsb' substituted by `hsb' on input line 1370.
Package xcolor Info: Model `HSB' substituted by `hsb' on input line 1371.
Package xcolor Info: Model `Gray' substituted by `gray' on input line 1372.
Package xcolor Info: Model `wave' substituted by `hsb' on input line 1373.
)) (C:\Users\abiva\AppData\Local\Programs\MiKTeX\tex/latex/graphics\graphicx.sty
Package: graphicx 2021/09/16 v1.2d Enhanced LaTeX Graphics (DPC,SPQR)
 (C:\Users\abiva\AppData\Local\Programs\MiKTeX\tex/latex/graphics\graphics.sty
Package: graphics 2022/03/10 v1.4e Standard LaTeX Graphics (DPC,SPQR)
 (C:\Users\abiva\AppData\Local\Programs\MiKTeX\tex/latex/graphics\trig.sty
Package: trig 2021/08/11 v1.11 sin cos tan (DPC)
) (C:\Users\abiva\AppData\Local\Programs\MiKTeX\tex/latex/graphics-cfg\graphics.cfg
File: graphics.cfg 2016/06/04 v1.11 sample graphics configuration
)
Package graphics Info: Driver file: pdftex.def on input line 107.
)
\Gin@req@height=\dimen145
\Gin@req@width=\dimen146
)
\AM@pagewidth=\dimen147
\AM@pageheight=\dimen148
\AM@fboxrule=\dimen149
 (C:\Users\abiva\AppData\Local\Programs\MiKTeX\tex/latex/pdfpages\pppdftex.def
File: pppdftex.def 2024/05/29 v0.6a Pdfpages driver for pdfTeX (AM)
)
\pdfpages@includegraphics@status=\count394
\AM@pagebox=\box52
\AM@global@opts=\toks18
\AM@pagecnt=\count395
\AM@toc@title=\toks19
\AM@lof@heading=\toks20
\c@AM@survey=\count396
\AM@templatesizebox=\box53
) (config/thesis.tex (C:\Users\abiva\AppData\Local\Programs\MiKTeX\tex/latex/base\fontenc.sty
Package: fontenc 2021/04/29 v2.0v Standard LaTeX package
) (C:\Users\abiva\AppData\Local\Programs\MiKTeX\tex/latex/base\inputenc.sty
Package: inputenc 2021/02/14 v1.3d Input encoding file
\inpenc@prehook=\toks21
\inpenc@posthook=\toks22
) (C:\Users\abiva\AppData\Local\Programs\MiKTeX\tex/generic/babel\babel.sty
Package: babel 2024/02/07 v24.2 The Babel package
\babel@savecnt=\count397
\U@D=\dimen150
\l@unhyphenated=\language80
 (C:\Users\abiva\AppData\Local\Programs\MiKTeX\tex/generic/babel\txtbabel.def)
\bbl@readstream=\read3
\bbl@dirlevel=\count398

*************************************
* Local config file bblopts.cfg used
*
(C:\Users\abiva\AppData\Local\Programs\MiKTeX\tex/latex/arabi\bblopts.cfg
File: bblopts.cfg 2005/09/08 v0.1 add Arabic and Farsi to "declared" options of babel
) (C:\Users\abiva\AppData\Local\Programs\MiKTeX\tex/generic/babel-french\french.ldf
Language: french 2024-02-29 v3.5s French support from the babel system
Package babel Info: Hyphen rules for 'acadian' set to \l@french
(babel)             (\language22). Reported on input line 91.
Package babel Info: Hyphen rules for 'canadien' set to \l@french
(babel)             (\language22). Reported on input line 92.
\FB@stdchar=\count399
Package babel Info: Making : an active character on input line 420.
Package babel Info: Making ; an active character on input line 421.
Package babel Info: Making ! an active character on input line 422.
Package babel Info: Making ? an active character on input line 423.
\FBguill@level=\count400
\FBold@everypar=\toks23
\FB@Mht=\dimen151
\mc@charclass=\count401
\mc@charfam=\count402
\mc@charslot=\count403
\std@mcc=\count404
\dec@mcc=\count405
\FB@parskip=\dimen152
\listindentFB=\dimen153
\descindentFB=\dimen154
\labelindentFB=\dimen155
\labelwidthFB=\dimen156
\leftmarginFB=\dimen157
\parindentFFN=\dimen158
\FBfnindent=\dimen159
)) (C:\Users\abiva\AppData\Local\Programs\MiKTeX\tex/generic/babel/locale/fr\babel-french.tex
Package babel Info: Importing font and identification data for french
(babel)             from babel-fr.ini. Reported on input line 11.
) (C:\Users\abiva\AppData\Local\Programs\MiKTeX\tex/latex/carlisle\scalefnt.sty) (C:\Users\abiva\AppData\Local\Programs\MiKTeX\tex/latex/preprint\fullpage.sty
Package: fullpage 1999/02/23 1.1 (PWD)
\FP@margin=\skip75
) (C:\Users\abiva\AppData\Local\Programs\MiKTeX\tex/latex/geometry\geometry.sty
Package: geometry 2020/01/02 v5.9 Page Geometry
 (C:\Users\abiva\AppData\Local\Programs\MiKTeX\tex/generic/iftex\ifvtex.sty
Package: ifvtex 2019/10/25 v1.7 ifvtex legacy package. Use iftex instead.
)
\Gm@cnth=\count406
\Gm@cntv=\count407
\c@Gm@tempcnt=\count408
\Gm@bindingoffset=\dimen160
\Gm@wd@mp=\dimen161
\Gm@odd@mp=\dimen162
\Gm@even@mp=\dimen163
\Gm@layoutwidth=\dimen164
\Gm@layoutheight=\dimen165
\Gm@layouthoffset=\dimen166
\Gm@layoutvoffset=\dimen167
\Gm@dimlist=\toks24
 (C:\Users\abiva\AppData\Local\Programs\MiKTeX\tex/latex/geometry\geometry.cfg)) (C:\Users\abiva\AppData\Local\Programs\MiKTeX\tex/latex/lm\lmodern.sty
Package: lmodern 2015/05/01 v1.6.1 Latin Modern Fonts
LaTeX Font Info:    Overwriting symbol font `operators' in version `normal'
(Font)                  OT1/cmr/m/n --> OT1/lmr/m/n on input line 22.
LaTeX Font Info:    Overwriting symbol font `letters' in version `normal'
(Font)                  OML/cmm/m/it --> OML/lmm/m/it on input line 23.
LaTeX Font Info:    Overwriting symbol font `symbols' in version `normal'
(Font)                  OMS/cmsy/m/n --> OMS/lmsy/m/n on input line 24.
LaTeX Font Info:    Overwriting symbol font `largesymbols' in version `normal'
(Font)                  OMX/cmex/m/n --> OMX/lmex/m/n on input line 25.
LaTeX Font Info:    Overwriting symbol font `operators' in version `bold'
(Font)                  OT1/cmr/bx/n --> OT1/lmr/bx/n on input line 26.
LaTeX Font Info:    Overwriting symbol font `letters' in version `bold'
(Font)                  OML/cmm/b/it --> OML/lmm/b/it on input line 27.
LaTeX Font Info:    Overwriting symbol font `symbols' in version `bold'
(Font)                  OMS/cmsy/b/n --> OMS/lmsy/b/n on input line 28.
LaTeX Font Info:    Overwriting symbol font `largesymbols' in version `bold'
(Font)                  OMX/cmex/m/n --> OMX/lmex/m/n on input line 29.
LaTeX Font Info:    Overwriting math alphabet `\mathbf' in version `normal'
(Font)                  OT1/cmr/bx/n --> OT1/lmr/bx/n on input line 31.
LaTeX Font Info:    Overwriting math alphabet `\mathsf' in version `normal'
(Font)                  OT1/cmss/m/n --> OT1/lmss/m/n on input line 32.
LaTeX Font Info:    Overwriting math alphabet `\mathit' in version `normal'
(Font)                  OT1/cmr/m/it --> OT1/lmr/m/it on input line 33.
LaTeX Font Info:    Overwriting math alphabet `\mathtt' in version `normal'
(Font)                  OT1/cmtt/m/n --> OT1/lmtt/m/n on input line 34.
LaTeX Font Info:    Overwriting math alphabet `\mathbf' in version `bold'
(Font)                  OT1/cmr/bx/n --> OT1/lmr/bx/n on input line 35.
LaTeX Font Info:    Overwriting math alphabet `\mathsf' in version `bold'
(Font)                  OT1/cmss/bx/n --> OT1/lmss/bx/n on input line 36.
LaTeX Font Info:    Overwriting math alphabet `\mathit' in version `bold'
(Font)                  OT1/cmr/bx/it --> OT1/lmr/bx/it on input line 37.
LaTeX Font Info:    Overwriting math alphabet `\mathtt' in version `bold'
(Font)                  OT1/cmtt/m/n --> OT1/lmtt/m/n on input line 38.
) (C:\Users\abiva\AppData\Local\Programs\MiKTeX\tex/latex/caption\caption.sty
Package: caption 2023/08/05 v3.6o Customizing captions (AR)
 (C:\Users\abiva\AppData\Local\Programs\MiKTeX\tex/latex/caption\caption3.sty
Package: caption3 2023/07/31 v2.4d caption3 kernel (AR)
\caption@tempdima=\dimen168
\captionmargin=\dimen169
\caption@leftmargin=\dimen170
\caption@rightmargin=\dimen171
\caption@width=\dimen172
\caption@indent=\dimen173
\caption@parindent=\dimen174
\caption@hangindent=\dimen175
Package caption Info: Standard document class detected.
Package caption Info: french babel package is loaded.
)
\c@caption@flags=\count409
\c@continuedfloat=\count410
) (C:\Users\abiva\AppData\Local\Programs\MiKTeX\tex/latex/float\float.sty
Package: float 2001/11/08 v1.3d Float enhancements (AL)
\c@float@type=\count411
\float@exts=\toks25
\float@box=\box54
\@float@everytoks=\toks26
\@floatcapt=\box55
) (C:\Users\abiva\AppData\Local\Programs\MiKTeX\tex/latex/pgf/frontendlayer\tikz.sty (C:\Users\abiva\AppData\Local\Programs\MiKTeX\tex/latex/pgf/basiclayer\pgf.sty (C:\Users\abiva\AppData\Local\Programs\MiKTeX\tex/latex/pgf/utilities\pgfrcs.sty (C:\Users\abiva\AppData\Local\Programs\MiKTeX\tex/generic/pgf/utilities\pgfutil-common.tex
\pgfutil@everybye=\toks27
\pgfutil@tempdima=\dimen176
\pgfutil@tempdimb=\dimen177
) (C:\Users\abiva\AppData\Local\Programs\MiKTeX\tex/generic/pgf/utilities\pgfutil-latex.def
\pgfutil@abb=\box56
) (C:\Users\abiva\AppData\Local\Programs\MiKTeX\tex/generic/pgf/utilities\pgfrcs.code.tex (C:\Users\abiva\AppData\Local\Programs\MiKTeX\tex/generic/pgf\pgf.revision.tex)
Package: pgfrcs 2023-01-15 v3.1.10 (3.1.10)
))
Package: pgf 2023-01-15 v3.1.10 (3.1.10)
 (C:\Users\abiva\AppData\Local\Programs\MiKTeX\tex/latex/pgf/basiclayer\pgfcore.sty (C:\Users\abiva\AppData\Local\Programs\MiKTeX\tex/latex/pgf/systemlayer\pgfsys.sty (C:\Users\abiva\AppData\Local\Programs\MiKTeX\tex/generic/pgf/systemlayer\pgfsys.code.tex
Package: pgfsys 2023-01-15 v3.1.10 (3.1.10)
 (C:\Users\abiva\AppData\Local\Programs\MiKTeX\tex/generic/pgf/utilities\pgfkeys.code.tex
\pgfkeys@pathtoks=\toks28
\pgfkeys@temptoks=\toks29
 (C:\Users\abiva\AppData\Local\Programs\MiKTeX\tex/generic/pgf/utilities\pgfkeyslibraryfiltered.code.tex
\pgfkeys@tmptoks=\toks30
))
\pgf@x=\dimen178
\pgf@y=\dimen179
\pgf@xa=\dimen180
\pgf@ya=\dimen181
\pgf@xb=\dimen182
\pgf@yb=\dimen183
\pgf@xc=\dimen184
\pgf@yc=\dimen185
\pgf@xd=\dimen186
\pgf@yd=\dimen187
\w@pgf@writea=\write4
\r@pgf@reada=\read4
\c@pgf@counta=\count412
\c@pgf@countb=\count413
\c@pgf@countc=\count414
\c@pgf@countd=\count415
\t@pgf@toka=\toks31
\t@pgf@tokb=\toks32
\t@pgf@tokc=\toks33
\pgf@sys@id@count=\count416
 (C:\Users\abiva\AppData\Local\Programs\MiKTeX\tex/generic/pgf/systemlayer\pgf.cfg
File: pgf.cfg 2023-01-15 v3.1.10 (3.1.10)
)
Driver file for pgf: pgfsys-pdftex.def
 (C:\Users\abiva\AppData\Local\Programs\MiKTeX\tex/generic/pgf/systemlayer\pgfsys-pdftex.def
File: pgfsys-pdftex.def 2023-01-15 v3.1.10 (3.1.10)
 (C:\Users\abiva\AppData\Local\Programs\MiKTeX\tex/generic/pgf/systemlayer\pgfsys-common-pdf.def
File: pgfsys-common-pdf.def 2023-01-15 v3.1.10 (3.1.10)
))) (C:\Users\abiva\AppData\Local\Programs\MiKTeX\tex/generic/pgf/systemlayer\pgfsyssoftpath.code.tex
File: pgfsyssoftpath.code.tex 2023-01-15 v3.1.10 (3.1.10)
\pgfsyssoftpath@smallbuffer@items=\count417
\pgfsyssoftpath@bigbuffer@items=\count418
) (C:\Users\abiva\AppData\Local\Programs\MiKTeX\tex/generic/pgf/systemlayer\pgfsysprotocol.code.tex
File: pgfsysprotocol.code.tex 2023-01-15 v3.1.10 (3.1.10)
)) (C:\Users\abiva\AppData\Local\Programs\MiKTeX\tex/generic/pgf/basiclayer\pgfcore.code.tex
Package: pgfcore 2023-01-15 v3.1.10 (3.1.10)
 (C:\Users\abiva\AppData\Local\Programs\MiKTeX\tex/generic/pgf/math\pgfmath.code.tex (C:\Users\abiva\AppData\Local\Programs\MiKTeX\tex/generic/pgf/math\pgfmathutil.code.tex) (C:\Users\abiva\AppData\Local\Programs\MiKTeX\tex/generic/pgf/math\pgfmathparser.code.tex
\pgfmath@dimen=\dimen188
\pgfmath@count=\count419
\pgfmath@box=\box57
\pgfmath@toks=\toks34
\pgfmath@stack@operand=\toks35
\pgfmath@stack@operation=\toks36
) (C:\Users\abiva\AppData\Local\Programs\MiKTeX\tex/generic/pgf/math\pgfmathfunctions.code.tex) (C:\Users\abiva\AppData\Local\Programs\MiKTeX\tex/generic/pgf/math\pgfmathfunctions.basic.code.tex) (C:\Users\abiva\AppData\Local\Programs\MiKTeX\tex/generic/pgf/math\pgfmathfunctions.trigonometric.code.tex) (C:\Users\abiva\AppData\Local\Programs\MiKTeX\tex/generic/pgf/math\pgfmathfunctions.random.code.tex) (C:\Users\abiva\AppData\Local\Programs\MiKTeX\tex/generic/pgf/math\pgfmathfunctions.comparison.code.tex) (C:\Users\abiva\AppData\Local\Programs\MiKTeX\tex/generic/pgf/math\pgfmathfunctions.base.code.tex) (C:\Users\abiva\AppData\Local\Programs\MiKTeX\tex/generic/pgf/math\pgfmathfunctions.round.code.tex) (C:\Users\abiva\AppData\Local\Programs\MiKTeX\tex/generic/pgf/math\pgfmathfunctions.misc.code.tex) (C:\Users\abiva\AppData\Local\Programs\MiKTeX\tex/generic/pgf/math\pgfmathfunctions.integerarithmetics.code.tex) (C:\Users\abiva\AppData\Local\Programs\MiKTeX\tex/generic/pgf/math\pgfmathcalc.code.tex) (C:\Users\abiva\AppData\Local\Programs\MiKTeX\tex/generic/pgf/math\pgfmathfloat.code.tex
\c@pgfmathroundto@lastzeros=\count420
)) (C:\Users\abiva\AppData\Local\Programs\MiKTeX\tex/generic/pgf/math\pgfint.code.tex) (C:\Users\abiva\AppData\Local\Programs\MiKTeX\tex/generic/pgf/basiclayer\pgfcorepoints.code.tex
File: pgfcorepoints.code.tex 2023-01-15 v3.1.10 (3.1.10)
\pgf@picminx=\dimen189
\pgf@picmaxx=\dimen190
\pgf@picminy=\dimen191
\pgf@picmaxy=\dimen192
\pgf@pathminx=\dimen193
\pgf@pathmaxx=\dimen194
\pgf@pathminy=\dimen195
\pgf@pathmaxy=\dimen196
\pgf@xx=\dimen197
\pgf@xy=\dimen198
\pgf@yx=\dimen199
\pgf@yy=\dimen256
\pgf@zx=\dimen257
\pgf@zy=\dimen258
) (C:\Users\abiva\AppData\Local\Programs\MiKTeX\tex/generic/pgf/basiclayer\pgfcorepathconstruct.code.tex
File: pgfcorepathconstruct.code.tex 2023-01-15 v3.1.10 (3.1.10)
\pgf@path@lastx=\dimen259
\pgf@path@lasty=\dimen260
) (C:\Users\abiva\AppData\Local\Programs\MiKTeX\tex/generic/pgf/basiclayer\pgfcorepathusage.code.tex
File: pgfcorepathusage.code.tex 2023-01-15 v3.1.10 (3.1.10)
\pgf@shorten@end@additional=\dimen261
\pgf@shorten@start@additional=\dimen262
) (C:\Users\abiva\AppData\Local\Programs\MiKTeX\tex/generic/pgf/basiclayer\pgfcorescopes.code.tex
File: pgfcorescopes.code.tex 2023-01-15 v3.1.10 (3.1.10)
\pgfpic=\box58
\pgf@hbox=\box59
\pgf@layerbox@main=\box60
\pgf@picture@serial@count=\count421
) (C:\Users\abiva\AppData\Local\Programs\MiKTeX\tex/generic/pgf/basiclayer\pgfcoregraphicstate.code.tex
File: pgfcoregraphicstate.code.tex 2023-01-15 v3.1.10 (3.1.10)
\pgflinewidth=\dimen263
) (C:\Users\abiva\AppData\Local\Programs\MiKTeX\tex/generic/pgf/basiclayer\pgfcoretransformations.code.tex
File: pgfcoretransformations.code.tex 2023-01-15 v3.1.10 (3.1.10)
\pgf@pt@x=\dimen264
\pgf@pt@y=\dimen265
\pgf@pt@temp=\dimen266
) (C:\Users\abiva\AppData\Local\Programs\MiKTeX\tex/generic/pgf/basiclayer\pgfcorequick.code.tex
File: pgfcorequick.code.tex 2023-01-15 v3.1.10 (3.1.10)
) (C:\Users\abiva\AppData\Local\Programs\MiKTeX\tex/generic/pgf/basiclayer\pgfcoreobjects.code.tex
File: pgfcoreobjects.code.tex 2023-01-15 v3.1.10 (3.1.10)
) (C:\Users\abiva\AppData\Local\Programs\MiKTeX\tex/generic/pgf/basiclayer\pgfcorepathprocessing.code.tex
File: pgfcorepathprocessing.code.tex 2023-01-15 v3.1.10 (3.1.10)
) (C:\Users\abiva\AppData\Local\Programs\MiKTeX\tex/generic/pgf/basiclayer\pgfcorearrows.code.tex
File: pgfcorearrows.code.tex 2023-01-15 v3.1.10 (3.1.10)
\pgfarrowsep=\dimen267
) (C:\Users\abiva\AppData\Local\Programs\MiKTeX\tex/generic/pgf/basiclayer\pgfcoreshade.code.tex
File: pgfcoreshade.code.tex 2023-01-15 v3.1.10 (3.1.10)
\pgf@max=\dimen268
\pgf@sys@shading@range@num=\count422
\pgf@shadingcount=\count423
) (C:\Users\abiva\AppData\Local\Programs\MiKTeX\tex/generic/pgf/basiclayer\pgfcoreimage.code.tex
File: pgfcoreimage.code.tex 2023-01-15 v3.1.10 (3.1.10)
) (C:\Users\abiva\AppData\Local\Programs\MiKTeX\tex/generic/pgf/basiclayer\pgfcoreexternal.code.tex
File: pgfcoreexternal.code.tex 2023-01-15 v3.1.10 (3.1.10)
\pgfexternal@startupbox=\box61
) (C:\Users\abiva\AppData\Local\Programs\MiKTeX\tex/generic/pgf/basiclayer\pgfcorelayers.code.tex
File: pgfcorelayers.code.tex 2023-01-15 v3.1.10 (3.1.10)
) (C:\Users\abiva\AppData\Local\Programs\MiKTeX\tex/generic/pgf/basiclayer\pgfcoretransparency.code.tex
File: pgfcoretransparency.code.tex 2023-01-15 v3.1.10 (3.1.10)
) (C:\Users\abiva\AppData\Local\Programs\MiKTeX\tex/generic/pgf/basiclayer\pgfcorepatterns.code.tex
File: pgfcorepatterns.code.tex 2023-01-15 v3.1.10 (3.1.10)
) (C:\Users\abiva\AppData\Local\Programs\MiKTeX\tex/generic/pgf/basiclayer\pgfcorerdf.code.tex
File: pgfcorerdf.code.tex 2023-01-15 v3.1.10 (3.1.10)
))) (C:\Users\abiva\AppData\Local\Programs\MiKTeX\tex/generic/pgf/modules\pgfmoduleshapes.code.tex
File: pgfmoduleshapes.code.tex 2023-01-15 v3.1.10 (3.1.10)
\pgfnodeparttextbox=\box62
) (C:\Users\abiva\AppData\Local\Programs\MiKTeX\tex/generic/pgf/modules\pgfmoduleplot.code.tex
File: pgfmoduleplot.code.tex 2023-01-15 v3.1.10 (3.1.10)
) (C:\Users\abiva\AppData\Local\Programs\MiKTeX\tex/latex/pgf/compatibility\pgfcomp-version-0-65.sty
Package: pgfcomp-version-0-65 2023-01-15 v3.1.10 (3.1.10)
\pgf@nodesepstart=\dimen269
\pgf@nodesepend=\dimen270
) (C:\Users\abiva\AppData\Local\Programs\MiKTeX\tex/latex/pgf/compatibility\pgfcomp-version-1-18.sty
Package: pgfcomp-version-1-18 2023-01-15 v3.1.10 (3.1.10)
)) (C:\Users\abiva\AppData\Local\Programs\MiKTeX\tex/latex/pgf/utilities\pgffor.sty (C:\Users\abiva\AppData\Local\Programs\MiKTeX\tex/latex/pgf/utilities\pgfkeys.sty (C:\Users\abiva\AppData\Local\Programs\MiKTeX\tex/generic/pgf/utilities\pgfkeys.code.tex)) (C:\Users\abiva\AppData\Local\Programs\MiKTeX\tex/latex/pgf/math\pgfmath.sty (C:\Users\abiva\AppData\Local\Programs\MiKTeX\tex/generic/pgf/math\pgfmath.code.tex)) (C:\Users\abiva\AppData\Local\Programs\MiKTeX\tex/generic/pgf/utilities\pgffor.code.tex
Package: pgffor 2023-01-15 v3.1.10 (3.1.10)
\pgffor@iter=\dimen271
\pgffor@skip=\dimen272
\pgffor@stack=\toks37
\pgffor@toks=\toks38
)) (C:\Users\abiva\AppData\Local\Programs\MiKTeX\tex/generic/pgf/frontendlayer/tikz\tikz.code.tex
Package: tikz 2023-01-15 v3.1.10 (3.1.10)
 (C:\Users\abiva\AppData\Local\Programs\MiKTeX\tex/generic/pgf/libraries\pgflibraryplothandlers.code.tex
File: pgflibraryplothandlers.code.tex 2023-01-15 v3.1.10 (3.1.10)
\pgf@plot@mark@count=\count424
\pgfplotmarksize=\dimen273
)
\tikz@lastx=\dimen274
\tikz@lasty=\dimen275
\tikz@lastxsaved=\dimen276
\tikz@lastysaved=\dimen277
\tikz@lastmovetox=\dimen278
\tikz@lastmovetoy=\dimen279
\tikzleveldistance=\dimen280
\tikzsiblingdistance=\dimen281
\tikz@figbox=\box63
\tikz@figbox@bg=\box64
\tikz@tempbox=\box65
\tikz@tempbox@bg=\box66
\tikztreelevel=\count425
\tikznumberofchildren=\count426
\tikznumberofcurrentchild=\count427
\tikz@fig@count=\count428
 (C:\Users\abiva\AppData\Local\Programs\MiKTeX\tex/generic/pgf/modules\pgfmodulematrix.code.tex
File: pgfmodulematrix.code.tex 2023-01-15 v3.1.10 (3.1.10)
\pgfmatrixcurrentrow=\count429
\pgfmatrixcurrentcolumn=\count430
\pgf@matrix@numberofcolumns=\count431
)
\tikz@expandcount=\count432
 (C:\Users\abiva\AppData\Local\Programs\MiKTeX\tex/generic/pgf/frontendlayer/tikz/libraries\tikzlibrarytopaths.code.tex
File: tikzlibrarytopaths.code.tex 2023-01-15 v3.1.10 (3.1.10)
))) (C:\Users\abiva\AppData\Local\Programs\MiKTeX\tex/latex/setspace\setspace.sty
Package: setspace 2022/12/04 v6.7b set line spacing
) (C:\Users\abiva\AppData\Local\Programs\MiKTeX\tex/latex/tools\array.sty
Package: array 2023/10/16 v2.5g Tabular extension package (FMi)
\col@sep=\dimen282
\ar@mcellbox=\box67
\extrarowheight=\dimen283
\NC@list=\toks39
\extratabsurround=\skip76
\backup@length=\skip77
\ar@cellbox=\box68
) (C:\Users\abiva\AppData\Local\Programs\MiKTeX\tex/latex/psnfss\helvet.sty
Package: helvet 2020/03/25 PSNFSS-v9.3 (WaS) 
) (C:\Users\abiva\AppData\Local\Programs\MiKTeX\tex/latex/psnfss\mathptmx.sty
Package: mathptmx 2020/03/25 PSNFSS-v9.3 Times w/ Math, improved (SPQR, WaS) 
LaTeX Font Info:    Redeclaring symbol font `operators' on input line 28.
LaTeX Font Info:    Overwriting symbol font `operators' in version `normal'
(Font)                  OT1/lmr/m/n --> OT1/ztmcm/m/n on input line 28.
LaTeX Font Info:    Overwriting symbol font `operators' in version `bold'
(Font)                  OT1/lmr/bx/n --> OT1/ztmcm/m/n on input line 28.
LaTeX Font Info:    Redeclaring symbol font `letters' on input line 29.
LaTeX Font Info:    Overwriting symbol font `letters' in version `normal'
(Font)                  OML/lmm/m/it --> OML/ztmcm/m/it on input line 29.
LaTeX Font Info:    Overwriting symbol font `letters' in version `bold'
(Font)                  OML/lmm/b/it --> OML/ztmcm/m/it on input line 29.
LaTeX Font Info:    Redeclaring symbol font `symbols' on input line 30.
LaTeX Font Info:    Overwriting symbol font `symbols' in version `normal'
(Font)                  OMS/lmsy/m/n --> OMS/ztmcm/m/n on input line 30.
LaTeX Font Info:    Overwriting symbol font `symbols' in version `bold'
(Font)                  OMS/lmsy/b/n --> OMS/ztmcm/m/n on input line 30.
LaTeX Font Info:    Redeclaring symbol font `largesymbols' on input line 31.
LaTeX Font Info:    Overwriting symbol font `largesymbols' in version `normal'
(Font)                  OMX/lmex/m/n --> OMX/ztmcm/m/n on input line 31.
LaTeX Font Info:    Overwriting symbol font `largesymbols' in version `bold'
(Font)                  OMX/lmex/m/n --> OMX/ztmcm/m/n on input line 31.
\symbold=\mathgroup4
\symitalic=\mathgroup5
LaTeX Font Info:    Redeclaring math alphabet \mathbf on input line 34.
LaTeX Font Info:    Overwriting math alphabet `\mathbf' in version `normal'
(Font)                  OT1/lmr/bx/n --> OT1/ptm/bx/n on input line 34.
LaTeX Font Info:    Overwriting math alphabet `\mathbf' in version `bold'
(Font)                  OT1/lmr/bx/n --> OT1/ptm/bx/n on input line 34.
LaTeX Font Info:    Redeclaring math alphabet \mathit on input line 35.
LaTeX Font Info:    Overwriting math alphabet `\mathit' in version `normal'
(Font)                  OT1/lmr/m/it --> OT1/ptm/m/it on input line 35.
LaTeX Font Info:    Overwriting math alphabet `\mathit' in version `bold'
(Font)                  OT1/lmr/bx/it --> OT1/ptm/m/it on input line 35.
LaTeX Info: Redefining \hbar on input line 50.
) (C:\Users\abiva\AppData\Local\Programs\MiKTeX\tex/latex/carlito\carlito.sty
Package: carlito 2022/10/05 (Bob Tennent) Supports Carlito fonts for LaTeX, pdfLaTeX, luaLaTeX and xeLaTeX.
 (C:\Users\abiva\AppData\Local\Programs\MiKTeX\tex/generic/iftex\ifxetex.sty
Package: ifxetex 2019/10/25 v0.7 ifxetex legacy package. Use iftex instead.
) (C:\Users\abiva\AppData\Local\Programs\MiKTeX\tex/generic/iftex\ifluatex.sty
Package: ifluatex 2019/10/25 v1.5 ifluatex legacy package. Use iftex instead.
) (C:\Users\abiva\AppData\Local\Programs\MiKTeX\tex/latex/xkeyval\xkeyval.sty
Package: xkeyval 2022/06/16 v2.9 package option processing (HA)
 (C:\Users\abiva\AppData\Local\Programs\MiKTeX\tex/generic/xkeyval\xkeyval.tex (C:\Users\abiva\AppData\Local\Programs\MiKTeX\tex/generic/xkeyval\xkvutils.tex
\XKV@toks=\toks40
\XKV@tempa@toks=\toks41
)
\XKV@depth=\count433
File: xkeyval.tex 2014/12/03 v2.7a key=value parser (HA)
)) (C:\Users\abiva\AppData\Local\Programs\MiKTeX\tex/latex/base\textcomp.sty
Package: textcomp 2020/02/02 v2.0n Standard LaTeX package
) (C:\Users\abiva\AppData\Local\Programs\MiKTeX\tex/latex/base\fontenc.sty
Package: fontenc 2021/04/29 v2.0v Standard LaTeX package
LaTeX Font Info:    Trying to load font information for T1+ptm on input line 112.
 (C:\Users\abiva\AppData\Local\Programs\MiKTeX\tex/latex/psnfss\t1ptm.fd
File: t1ptm.fd 2001/06/04 font definitions for T1/ptm.
)) (C:\Users\abiva\AppData\Local\Programs\MiKTeX\tex/latex/fontaxes\fontaxes.sty
Package: fontaxes 2020/07/21 v1.0e Font selection axes
LaTeX Info: Redefining \upshape on input line 29.
LaTeX Info: Redefining \itshape on input line 31.
LaTeX Info: Redefining \slshape on input line 33.
LaTeX Info: Redefining \swshape on input line 35.
LaTeX Info: Redefining \scshape on input line 37.
LaTeX Info: Redefining \sscshape on input line 39.
LaTeX Info: Redefining \ulcshape on input line 41.
LaTeX Info: Redefining \textsw on input line 47.
LaTeX Info: Redefining \textssc on input line 48.
LaTeX Info: Redefining \textulc on input line 49.
)) (C:\Users\abiva\AppData\Local\Programs\MiKTeX\tex/latex/bera\beramono.sty
Package: beramono 2004/01/31 (WaS)
) (C:\Users\abiva\AppData\Local\Programs\MiKTeX\tex/latex/bold-extra\bold-extra.sty
Package: bold-extra 2001/11/13 v0.1 Use fonts from cm/mf-extra/bold
) (C:\Users\abiva\AppData\Local\Programs\MiKTeX\tex/latex/slantsc\slantsc.sty
Package: slantsc 2012/01/01 v2.11 Provide Slanted an Italic Small Caps
LaTeX Info: Redefining \upshape on input line 35.
LaTeX Info: Redefining \slshape on input line 45.
LaTeX Info: Redefining \itshape on input line 55.
LaTeX Info: Redefining \scshape on input line 65.
LaTeX Info: Redefining \noscshape on input line 82.
) (C:\Users\abiva\AppData\Local\Programs\MiKTeX\tex/latex/listing\listing.sty
Package: listing 1999/05/25

Package `listing', V1.2, <1999/05/25>
\c@listing=\count434
) (C:\Users\abiva\AppData\Local\Programs\MiKTeX\tex/latex/listings\listings.sty
\lst@mode=\count435
\lst@gtempboxa=\box69
\lst@token=\toks42
\lst@length=\count436
\lst@currlwidth=\dimen284
\lst@column=\count437
\lst@pos=\count438
\lst@lostspace=\dimen285
\lst@width=\dimen286
\lst@newlines=\count439
\lst@lineno=\count440
\lst@maxwidth=\dimen287
 (C:\Users\abiva\AppData\Local\Programs\MiKTeX\tex/latex/listings\lstpatch.sty
File: lstpatch.sty 2024/03/11 1.10a (Carsten Heinz)
) (C:\Users\abiva\AppData\Local\Programs\MiKTeX\tex/latex/listings\lstmisc.sty
File: lstmisc.sty 2024/03/11 1.10a (Carsten Heinz)
\c@lstnumber=\count441
\lst@skipnumbers=\count442
\lst@framebox=\box70
) (C:\Users\abiva\AppData\Local\Programs\MiKTeX\tex/latex/listings\listings.cfg
File: listings.cfg 2024/03/11 1.10a listings configuration
))
Package: listings 2024/03/11 1.10a (Carsten Heinz)
 (C:\Users\abiva\AppData\Local\Programs\MiKTeX\tex/latex/titlesec\titletoc.sty
Package: titletoc 2023/10/27 v2.16 TOC entries
\ttl@leftsep=\dimen288
) (C:\Users\abiva\AppData\Local\Programs\MiKTeX\tex/latex/tocloft\tocloft.sty
Package: tocloft 2017/08/31 v2.3i parameterised ToC, etc., typesetting
Package tocloft Info: The document has chapter divisions on input line 51.
\cftparskip=\skip78
\cftbeforetoctitleskip=\skip79
\cftaftertoctitleskip=\skip80
\cftbeforepartskip=\skip81
\cftpartnumwidth=\skip82
\cftpartindent=\skip83
\cftbeforechapskip=\skip84
\cftchapindent=\skip85
\cftchapnumwidth=\skip86
\cftbeforesecskip=\skip87
\cftsecindent=\skip88
\cftsecnumwidth=\skip89
\cftbeforesubsecskip=\skip90
\cftsubsecindent=\skip91
\cftsubsecnumwidth=\skip92
\cftbeforesubsubsecskip=\skip93
\cftsubsubsecindent=\skip94
\cftsubsubsecnumwidth=\skip95
\cftbeforeparaskip=\skip96
\cftparaindent=\skip97
\cftparanumwidth=\skip98
\cftbeforesubparaskip=\skip99
\cftsubparaindent=\skip100
\cftsubparanumwidth=\skip101
\cftbeforeloftitleskip=\skip102
\cftafterloftitleskip=\skip103
\cftbeforefigskip=\skip104
\cftfigindent=\skip105
\cftfignumwidth=\skip106
\c@lofdepth=\count443
\c@lotdepth=\count444
\cftbeforelottitleskip=\skip107
\cftafterlottitleskip=\skip108
\cftbeforetabskip=\skip109
\cfttabindent=\skip110
\cfttabnumwidth=\skip111
) (C:\Users\abiva\AppData\Local\Programs\MiKTeX\tex/latex/lipsum\lipsum.sty (C:\Users\abiva\AppData\Local\Programs\MiKTeX\tex/latex/l3packages/l3keys2e\l3keys2e.sty
Package: l3keys2e 2024-03-14 LaTeX2e option processing using LaTeX3 keys
)
Package: lipsum 2021-09-20 v2.7 150 paragraphs of Lorem Ipsum dummy text
\g__lipsum_par_int=\count445
\l__lipsum_a_int=\count446
\l__lipsum_b_int=\count447
 (C:\Users\abiva\AppData\Local\Programs\MiKTeX\tex/latex/lipsum\lipsum.ltd.tex)) (C:\Users\abiva\AppData\Local\Programs\MiKTeX\tex/latex/fancyhdr\fancyhdr.sty
Package: fancyhdr 2022/11/09 v4.1 Extensive control of page headers and footers
\f@nch@headwidth=\skip112
\f@nch@O@elh=\skip113
\f@nch@O@erh=\skip114
\f@nch@O@olh=\skip115
\f@nch@O@orh=\skip116
\f@nch@O@elf=\skip117
\f@nch@O@erf=\skip118
\f@nch@O@olf=\skip119
\f@nch@O@orf=\skip120
) (C:\Users\abiva\AppData\Local\Programs\MiKTeX\tex/latex/chngcntr\chngcntr.sty
Package: chngcntr 2018/04/09 v1.1a change counter resetting
Package chngcntr Info: \counterwithout already defined.
(chngcntr)             Quitting chngcntr on input line 21.
) (C:\Users\abiva\AppData\Local\Programs\MiKTeX\tex/latex/glossaries/base\glossaries.sty
Package: glossaries 2023/09/29 v4.53 (NLCT)
 (C:\Users\abiva\AppData\Local\Programs\MiKTeX\tex/latex/mfirstuc\mfirstuc.sty
Package: mfirstuc 2022/10/14 v2.08 (NLCT)
\@glsmfirst=\toks43
\@glsmrest=\toks44
) (C:\Users\abiva\AppData\Local\Programs\MiKTeX\tex/latex/xfor\xfor.sty
Package: xfor 2009/02/05 v1.05 (NLCT)
) (C:\Users\abiva\AppData\Local\Programs\MiKTeX\tex/latex/datatool\datatool-base.sty
Package: datatool-base 2019/09/27 v2.32 (NLCT)
 (C:\Users\abiva\AppData\Local\Programs\MiKTeX\tex/latex/amsmath\amsmath.sty
Package: amsmath 2023/05/13 v2.17o AMS math features
\@mathmargin=\skip121

For additional information on amsmath, use the `?' option.
(C:\Users\abiva\AppData\Local\Programs\MiKTeX\tex/latex/amsmath\amstext.sty
Package: amstext 2021/08/26 v2.01 AMS text
 (C:\Users\abiva\AppData\Local\Programs\MiKTeX\tex/latex/amsmath\amsgen.sty
File: amsgen.sty 1999/11/30 v2.0 generic functions
\@emptytoks=\toks45
\ex@=\dimen289
)) (C:\Users\abiva\AppData\Local\Programs\MiKTeX\tex/latex/amsmath\amsbsy.sty
Package: amsbsy 1999/11/29 v1.2d Bold Symbols
\pmbraise@=\dimen290
) (C:\Users\abiva\AppData\Local\Programs\MiKTeX\tex/latex/amsmath\amsopn.sty
Package: amsopn 2022/04/08 v2.04 operator names
)
\inf@bad=\count448
LaTeX Info: Redefining \frac on input line 234.
\uproot@=\count449
\leftroot@=\count450
LaTeX Info: Redefining \overline on input line 399.
LaTeX Info: Redefining \colon on input line 410.
\classnum@=\count451
\DOTSCASE@=\count452
LaTeX Info: Redefining \ldots on input line 496.
LaTeX Info: Redefining \dots on input line 499.
LaTeX Info: Redefining \cdots on input line 620.
\Mathstrutbox@=\box71
\strutbox@=\box72
LaTeX Info: Redefining \big on input line 722.
LaTeX Info: Redefining \Big on input line 723.
LaTeX Info: Redefining \bigg on input line 724.
LaTeX Info: Redefining \Bigg on input line 725.
\big@size=\dimen291
LaTeX Font Info:    Redeclaring font encoding OML on input line 743.
LaTeX Font Info:    Redeclaring font encoding OMS on input line 744.
\macc@depth=\count453
LaTeX Info: Redefining \bmod on input line 905.
LaTeX Info: Redefining \pmod on input line 910.
LaTeX Info: Redefining \smash on input line 940.
LaTeX Info: Redefining \relbar on input line 970.
LaTeX Info: Redefining \Relbar on input line 971.
\c@MaxMatrixCols=\count454
\dotsspace@=\muskip21
\c@parentequation=\count455
\dspbrk@lvl=\count456
\tag@help=\toks46
\row@=\count457
\column@=\count458
\maxfields@=\count459
\andhelp@=\toks47
\eqnshift@=\dimen292
\alignsep@=\dimen293
\tagshift@=\dimen294
\tagwidth@=\dimen295
\totwidth@=\dimen296
\lineht@=\dimen297
\@envbody=\toks48
\multlinegap=\skip122
\multlinetaggap=\skip123
\mathdisplay@stack=\toks49
LaTeX Info: Redefining \[ on input line 2953.
LaTeX Info: Redefining \] on input line 2954.
) (C:\Users\abiva\AppData\Local\Programs\MiKTeX\tex/latex/substr\substr.sty
Package: substr 2009/10/20 v1.2 Handle substrings
\c@su@anzahl=\count460
) (C:\Users\abiva\AppData\Local\Programs\MiKTeX\tex/latex/datatool\datatool-fp.sty
Package: datatool-fp 2019/09/27 v2.32 (NLCT)
 (C:\Users\abiva\AppData\Local\Programs\MiKTeX\tex/latex/fp\fp.sty
Package: fp 1995/04/02
 `Fixed Point Package', Version 0.8, April 2, 1995 (C) Michael Mehlich (C:\Users\abiva\AppData\Local\Programs\MiKTeX\tex/latex/fp\defpattern.sty
Package: defpattern 1994/10/12
\actioncount=\count461
) (C:\Users\abiva\AppData\Local\Programs\MiKTeX\tex/latex/fp\fp-basic.sty
Package: fp-basic 1996/05/13
\FP@xs=\count462
\FP@xia=\count463
\FP@xib=\count464
\FP@xfa=\count465
\FP@xfb=\count466
\FP@rega=\count467
\FP@regb=\count468
\FP@regs=\count469
\FP@times=\count470
) (C:\Users\abiva\AppData\Local\Programs\MiKTeX\tex/latex/fp\fp-addons.sty
Package: fp-addons 1995/03/15
) (C:\Users\abiva\AppData\Local\Programs\MiKTeX\tex/latex/fp\fp-snap.sty
Package: fp-snap 1995/04/05
) (C:\Users\abiva\AppData\Local\Programs\MiKTeX\tex/latex/fp\fp-exp.sty
Package: fp-exp 1995/04/03
) (C:\Users\abiva\AppData\Local\Programs\MiKTeX\tex/latex/fp\fp-trigo.sty
Package: fp-trigo 1995/04/14
) (C:\Users\abiva\AppData\Local\Programs\MiKTeX\tex/latex/fp\fp-pas.sty
Package: fp-pas 1994/08/29
) (C:\Users\abiva\AppData\Local\Programs\MiKTeX\tex/latex/fp\fp-random.sty
Package: fp-random 1995/02/23
\FPseed=\count471
) (C:\Users\abiva\AppData\Local\Programs\MiKTeX\tex/latex/fp\fp-eqn.sty
Package: fp-eqn 1995/04/03
) (C:\Users\abiva\AppData\Local\Programs\MiKTeX\tex/latex/fp\fp-upn.sty
Package: fp-upn 1996/10/21
) (C:\Users\abiva\AppData\Local\Programs\MiKTeX\tex/latex/fp\fp-eval.sty
Package: fp-eval 1995/04/03
)))
\@dtl@toks=\toks50
\@dtl@tmpcount=\count472
\dtl@tmplength=\skip124
\dtl@sortresult=\count473
\@dtl@numgrpsepcount=\count474
\@dtl@datatype=\count475
\dtl@codeA=\count476
\dtl@codeB=\count477
\@dtl@foreach@level=\count478
) (C:\Users\abiva\AppData\Local\Programs\MiKTeX\tex/latex/tracklang\tracklang.sty
Package: tracklang 2022/12/13 v1.6.1 (NLCT) Track Languages
 (C:\Users\abiva\AppData\Local\Programs\MiKTeX\tex/generic/tracklang\tracklang.tex)) (C:\Users\abiva\AppData\Local\Programs\MiKTeX\tex/latex/translator\translator.sty
Package: translator 2021-05-31 v1.12d Easy translation of strings in LaTeX
) (C:\Users\abiva\AppData\Local\Programs\MiKTeX\tex/latex/glossaries-french\glossaries-french.ldf
File: glossaries-french.ldf 2016/12/12 v1.1
)
\gls@level=\count479
\@gls@tmpb=\toks51
\gls@tmplen=\skip125
\glskeylisttok=\toks52
\glslabeltok=\toks53
\glsshorttok=\toks54
\glslongtok=\toks55
 (C:\Users\abiva\AppData\Local\Programs\MiKTeX\tex/latex/glossaries/styles\glossary-hypernav.sty
Package: glossary-hypernav 2023/09/29 v4.53 (NLCT)
) (C:\Users\abiva\AppData\Local\Programs\MiKTeX\tex/latex/glossaries/styles\glossary-list.sty
Package: glossary-list 2023/09/29 v4.53 (NLCT)
\glslistdottedwidth=\skip126
) (C:\Users\abiva\AppData\Local\Programs\MiKTeX\tex/latex/glossaries/styles\glossary-long.sty
Package: glossary-long 2023/09/29 v4.53 (NLCT)
 (C:\Users\abiva\AppData\Local\Programs\MiKTeX\tex/latex/tools\longtable.sty
Package: longtable 2023-11-01 v4.19 Multi-page Table package (DPC)
\LTleft=\skip127
\LTright=\skip128
\LTpre=\skip129
\LTpost=\skip130
\LTchunksize=\count480
\LTcapwidth=\dimen298
\LT@head=\box73
\LT@firsthead=\box74
\LT@foot=\box75
\LT@lastfoot=\box76
\LT@gbox=\box77
\LT@cols=\count481
\LT@rows=\count482
\c@LT@tables=\count483
\c@LT@chunks=\count484
\LT@p@ftn=\toks56
)
\glsdescwidth=\skip131
\glspagelistwidth=\skip132
) (C:\Users\abiva\AppData\Local\Programs\MiKTeX\tex/latex/glossaries/styles\glossary-super.sty
Package: glossary-super 2023/09/29 v4.53 (NLCT)
 (C:\Users\abiva\AppData\Local\Programs\MiKTeX\tex/latex/supertabular\supertabular.sty
Package: supertabular 2020/02/02 v4.1g the supertabular environment
\c@tracingst=\count485
\ST@wd=\dimen299
\ST@rightskip=\skip133
\ST@leftskip=\skip134
\ST@parfillskip=\skip135
\ST@pageleft=\dimen300
\ST@headht=\dimen301
\ST@tailht=\dimen302
\ST@pagesofar=\dimen303
\ST@pboxht=\dimen304
\ST@lineht=\dimen305
\ST@prevht=\dimen306
\ST@toadd=\dimen307
\ST@dimen=\dimen308
\ST@pbox=\box78
)) (C:\Users\abiva\AppData\Local\Programs\MiKTeX\tex/latex/glossaries/styles\glossary-tree.sty
Package: glossary-tree 2023/09/29 v4.53 (NLCT)
\glstreeindent=\skip136
)) (glossary/acronyms.tex) (C:\Users\abiva\AppData\Local\Programs\MiKTeX\tex/latex/hyphenat\hyphenat.sty
Package: hyphenat 2009/09/02 v2.3c hyphenation utilities


Package hyphenat Warning: *******************************
(hyphenat)                * You have used the htt option.
(hyphenat)                * You are likely to get many Font Warning messages.
(hyphenat)                * These can usually be ignored.
(hyphenat)                *******************************.

\langwohyphens=\language81
LaTeX Info: Redefining \_ on input line 43.
) (C:\Users\abiva\AppData\Local\Programs\MiKTeX\tex/latex/hyperref\hyperref.sty
Package: hyperref 2024-01-20 v7.01h Hypertext links for LaTeX
 (C:\Users\abiva\AppData\Local\Programs\MiKTeX\tex/generic/kvdefinekeys\kvdefinekeys.sty
Package: kvdefinekeys 2019-12-19 v1.6 Define keys (HO)
) (C:\Users\abiva\AppData\Local\Programs\MiKTeX\tex/generic/pdfescape\pdfescape.sty
Package: pdfescape 2019/12/09 v1.15 Implements pdfTeX's escape features (HO)
) (C:\Users\abiva\AppData\Local\Programs\MiKTeX\tex/latex/hycolor\hycolor.sty
Package: hycolor 2020-01-27 v1.10 Color options for hyperref/bookmark (HO)
) (C:\Users\abiva\AppData\Local\Programs\MiKTeX\tex/latex/auxhook\auxhook.sty
Package: auxhook 2019-12-17 v1.6 Hooks for auxiliary files (HO)
) (C:\Users\abiva\AppData\Local\Programs\MiKTeX\tex/latex/hyperref\nameref.sty
Package: nameref 2023-11-26 v2.56 Cross-referencing by name of section
 (C:\Users\abiva\AppData\Local\Programs\MiKTeX\tex/latex/refcount\refcount.sty
Package: refcount 2019/12/15 v3.6 Data extraction from label references (HO)
) (C:\Users\abiva\AppData\Local\Programs\MiKTeX\tex/generic/gettitlestring\gettitlestring.sty
Package: gettitlestring 2019/12/15 v1.6 Cleanup title references (HO)
)
\c@section@level=\count486
)
\@linkdim=\dimen309
\Hy@linkcounter=\count487
\Hy@pagecounter=\count488
 (C:\Users\abiva\AppData\Local\Programs\MiKTeX\tex/latex/hyperref\pd1enc.def
File: pd1enc.def 2024-01-20 v7.01h Hyperref: PDFDocEncoding definition (HO)
Now handling font encoding PD1 ...
... no UTF-8 mapping file for font encoding PD1
) (C:\Users\abiva\AppData\Local\Programs\MiKTeX\tex/generic/intcalc\intcalc.sty
Package: intcalc 2019/12/15 v1.3 Expandable calculations with integers (HO)
)
\Hy@SavedSpaceFactor=\count489
 (C:\Users\abiva\AppData\Local\Programs\MiKTeX\tex/latex/hyperref\puenc.def
File: puenc.def 2024-01-20 v7.01h Hyperref: PDF Unicode definition (HO)
Now handling font encoding PU ...
... no UTF-8 mapping file for font encoding PU
)
Package hyperref Info: Option `hyperfootnotes' set `true' on input line 4062.


Package hyperref Warning: Option `pagecolor' is not available anymore.

Package hyperref Info: Option `bookmarks' set `true' on input line 4062.
Package hyperref Info: Option `pdfdisplaydoctitle' set `true' on input line 4062.
Package hyperref Info: Option `pdftoolbar' set `true' on input line 4062.
Package hyperref Info: Option `pdfmenubar' set `true' on input line 4062.
Package hyperref Info: Option `breaklinks' set `true' on input line 4062.
Package hyperref Info: Hyper figures OFF on input line 4179.
Package hyperref Info: Link nesting OFF on input line 4184.
Package hyperref Info: Hyper index ON on input line 4187.
Package hyperref Info: Plain pages OFF on input line 4194.
Package hyperref Info: Backreferencing OFF on input line 4199.
Package hyperref Info: Implicit mode ON; LaTeX internals redefined.
Package hyperref Info: Bookmarks ON on input line 4446.
\c@Hy@tempcnt=\count490
LaTeX Info: Redefining \url on input line 4784.
\XeTeXLinkMargin=\dimen310
(C:\Users\abiva\AppData\Local\Programs\MiKTeX\tex/generic/bitset\bitset.sty
Package: bitset 2019/12/09 v1.3 Handle bit-vector datatype (HO)
 (C:\Users\abiva\AppData\Local\Programs\MiKTeX\tex/generic/bigintcalc\bigintcalc.sty
Package: bigintcalc 2019/12/15 v1.5 Expandable calculations on big integers (HO)
))
\Fld@menulength=\count491
\Field@Width=\dimen311
\Fld@charsize=\dimen312
Package hyperref Info: Hyper figures OFF on input line 6063.
Package hyperref Info: Link nesting OFF on input line 6068.
Package hyperref Info: Hyper index ON on input line 6071.
Package hyperref Info: backreferencing OFF on input line 6078.
Package hyperref Info: Link coloring OFF on input line 6083.
Package hyperref Info: Link coloring with OCG OFF on input line 6088.
Package hyperref Info: PDF/A mode OFF on input line 6093.
 (C:\Users\abiva\AppData\Local\Programs\MiKTeX\tex/latex/base\atbegshi-ltx.sty
Package: atbegshi-ltx 2021/01/10 v1.0c Emulation of the original atbegshi
package with kernel methods
)
\Hy@abspage=\count492
\c@Item=\count493
\c@Hfootnote=\count494
)
Package hyperref Info: Driver (autodetected): hpdftex.
 (C:\Users\abiva\AppData\Local\Programs\MiKTeX\tex/latex/hyperref\hpdftex.def
File: hpdftex.def 2024-01-20 v7.01h Hyperref driver for pdfTeX
 (C:\Users\abiva\AppData\Local\Programs\MiKTeX\tex/latex/base\atveryend-ltx.sty
Package: atveryend-ltx 2020/08/19 v1.0a Emulation of the original atveryend package
with kernel methods
)
\Fld@listcount=\count495
\c@bookmark@seq@number=\count496
 (C:\Users\abiva\AppData\Local\Programs\MiKTeX\tex/latex/rerunfilecheck\rerunfilecheck.sty
Package: rerunfilecheck 2022-07-10 v1.10 Rerun checks for auxiliary files (HO)
 (C:\Users\abiva\AppData\Local\Programs\MiKTeX\tex/generic/uniquecounter\uniquecounter.sty
Package: uniquecounter 2019/12/15 v1.4 Provide unlimited unique counter (HO)
)
Package uniquecounter Info: New unique counter `rerunfilecheck' on input line 285.
)
\Hy@SectionHShift=\skip137
) (C:\Users\abiva\AppData\Local\Programs\MiKTeX\tex/latex/numprint\numprint.sty
Package: numprint 2012/08/20 v1.39 Print numbers (HH)
\c@nprt@mantissa@digitsbefore=\count497
\c@nprt@mantissa@digitsafter=\count498
\c@nprt@exponent@digitsbefore=\count499
\c@nprt@exponent@digitsafter=\count500
\nprt@digitwidth=\skip138
\nprt@sepwidth=\skip139
\nprt@decimalwidth=\skip140
\nprt@blockwidth=\skip141
\nprt@digittoks=\toks57
\nprt@pretoks=\toks58
\nprt@posttoks=\toks59
\nprt@thisdigit=\count501
\nprt@curpos=\count502
\nprt@rndpos=\count503
\c@nprt@digitsfirstblock=\count504
\c@nprt@blockcnt=\count505
\c@nprt@cntprint=\count506
 No configuration file `numprint.cfg' found.) (C:\Users\abiva\AppData\Local\Programs\MiKTeX\tex/latex/titlesec\titlesec.sty
Package: titlesec 2023/10/27 v2.16 Sectioning titles
\ttl@box=\box79
\beforetitleunit=\skip142
\aftertitleunit=\skip143
\ttl@plus=\dimen313
\ttl@minus=\dimen314
\ttl@toksa=\toks60
\titlewidth=\dimen315
\titlewidthlast=\dimen316
\titlewidthfirst=\dimen317
)) (template/header.tex)

Package biblatex Warning: Load 'inputenc' before biblatex.


Package biblatex Warning: 'babel/polyglossia' detected but 'csquotes' missing.
(biblatex)                Loading 'csquotes' recommended.

\@quotelevel=\count507
\@quotereset=\count508
(kandiah_bachelor_thesis.aux)
\openout1 = `kandiah_bachelor_thesis.aux'.

LaTeX Font Info:    Checking defaults for OML/cmm/m/it on input line 50.
LaTeX Font Info:    ... okay on input line 50.
LaTeX Font Info:    Checking defaults for OMS/cmsy/m/n on input line 50.
LaTeX Font Info:    ... okay on input line 50.
LaTeX Font Info:    Checking defaults for OT1/cmr/m/n on input line 50.
LaTeX Font Info:    ... okay on input line 50.
LaTeX Font Info:    Checking defaults for T1/cmr/m/n on input line 50.
LaTeX Font Info:    ... okay on input line 50.
LaTeX Font Info:    Checking defaults for TS1/cmr/m/n on input line 50.
LaTeX Font Info:    ... okay on input line 50.
LaTeX Font Info:    Checking defaults for OMX/cmex/m/n on input line 50.
LaTeX Font Info:    ... okay on input line 50.
LaTeX Font Info:    Checking defaults for U/cmr/m/n on input line 50.
LaTeX Font Info:    ... okay on input line 50.
LaTeX Font Info:    Checking defaults for PD1/pdf/m/n on input line 50.
LaTeX Font Info:    ... okay on input line 50.
LaTeX Font Info:    Checking defaults for PU/pdf/m/n on input line 50.
LaTeX Font Info:    ... okay on input line 50.
Package biblatex Info: Trying to load language 'french'...
Package biblatex Info: ... file 'french.lbx' found.
 (C:\Users\abiva\AppData\Local\Programs\MiKTeX\tex/latex/biblatex/lbx\french.lbx
File: french.lbx 2023/03/05 v3.19 biblatex localization (PK/MW)
)
Package biblatex Info: Input encoding 'utf8' detected.
Package biblatex Info: Automatic encoding selection.
(biblatex)             Assuming data encoding 'utf8'.
\openout3 = `kandiah_bachelor_thesis.bcf'.

Package biblatex Info: Trying to load bibliographic data...
Package biblatex Info: ... file 'kandiah_bachelor_thesis.bbl' found.
 (kandiah_bachelor_thesis.bbl)
Package biblatex Info: Reference section=0 on input line 50.
Package biblatex Info: Reference segment=0 on input line 50.
 (C:\Users\abiva\AppData\Local\Programs\MiKTeX\tex/context/base/mkii\supp-pdf.mkii
[Loading MPS to PDF converter (version 2006.09.02).]
\scratchcounter=\count509
\scratchdimen=\dimen318
\scratchbox=\box80
\nofMPsegments=\count510
\nofMParguments=\count511
\everyMPshowfont=\toks61
\MPscratchCnt=\count512
\MPscratchDim=\dimen319
\MPnumerator=\count513
\makeMPintoPDFobject=\count514
\everyMPtoPDFconversion=\toks62
) (C:\Users\abiva\AppData\Local\Programs\MiKTeX\tex/latex/epstopdf-pkg\epstopdf-base.sty
Package: epstopdf-base 2020-01-24 v2.11 Base part for package epstopdf
Package epstopdf-base Info: Redefining graphics rule for `.eps' on input line 485.
 (C:\Users\abiva\AppData\Local\Programs\MiKTeX\tex/latex/00miktex\epstopdf-sys.cfg
File: epstopdf-sys.cfg 2021/03/18 v2.0 Configuration of epstopdf for MiKTeX
)) (C:\Users\abiva\AppData\Local\Programs\MiKTeX\tex/latex/pdflscape\pdflscape.sty
Package: pdflscape 2022-10-27 v0.13 Display of landscape pages in PDF
 (C:\Users\abiva\AppData\Local\Programs\MiKTeX\tex/latex/pdflscape\pdflscape-nometadata.sty
Package: pdflscape-nometadata 2022-10-28 v0.13 Display of landscape pages in PDF (HO)
 (C:\Users\abiva\AppData\Local\Programs\MiKTeX\tex/latex/graphics\lscape.sty
Package: lscape 2020/05/28 v3.02 Landscape Pages (DPC)
)
Package pdflscape Info: Auto-detected driver: pdftex on input line 81.
))
LaTeX Info: Redefining \degres on input line 50.
LaTeX Info: Redefining \up on input line 50.

*geometry* driver: auto-detecting
*geometry* detected driver: pdftex
*geometry* verbose mode - [ preamble ] result:
* driver: pdftex
* paper: a4paper
* layout: <same size as paper>
* layoutoffset:(h,v)=(0.0pt,0.0pt)
* modes: includehead includefoot 
* h-part:(L,W,R)=(71.13188pt, 455.24411pt, 71.13188pt)
* v-part:(T,H,B)=(71.13188pt, 702.78308pt, 71.13188pt)
* \paperwidth=597.50787pt
* \paperheight=845.04684pt
* \textwidth=455.24411pt
* \textheight=672.78308pt
* \oddsidemargin=-1.1381pt
* \evensidemargin=-1.1381pt
* \topmargin=-1.1381pt
* \headheight=15.0pt
* \headsep=14.22636pt
* \topskip=12.0pt
* \footskip=30.0pt
* \marginparwidth=44.0pt
* \marginparsep=10.0pt
* \columnsep=10.0pt
* \skip\footins=10.8pt plus 4.0pt minus 2.0pt
* \hoffset=0.0pt
* \voffset=0.0pt
* \mag=1000
* \@twocolumnfalse
* \@twosidefalse
* \@mparswitchfalse
* \@reversemarginfalse
* (1in=72.27pt=25.4mm, 1cm=28.453pt)

Package caption Info: Begin \AtBeginDocument code.
Package caption Info: float package is loaded.
Package caption Info: hyperref package is loaded.
Package caption Info: listings package is loaded.
Package caption Info: longtable package is loaded.
(C:\Users\abiva\AppData\Local\Programs\MiKTeX\tex/latex/caption\ltcaption.sty
Package: ltcaption 2021/01/08 v1.4c longtable captions (AR)
)
Package caption Info: supertabular package is loaded.
Package caption Info: End \AtBeginDocument code.
\c@mv@tabular=\count515
\c@mv@boldtabular=\count516
\c@lstlisting=\count517
LaTeX Font Info:    Trying to load font information for T1+fvm on input line 50.
 (C:\Users\abiva\AppData\Local\Programs\MiKTeX\tex/latex/bera\t1fvm.fd
File: t1fvm.fd 2004/09/07 scalable font definitions for T1/fvm.
)
LaTeX Font Info:    Font shape `T1/fvm/m/n' will be
(Font)              scaled to size 10.20007pt on input line 50.
LaTeX Font Info:    Font shape `T1/fvm/m/it' in size <12> not available
(Font)              Font shape `T1/fvm/m/sl' tried instead on input line 50.
LaTeX Font Info:    Font shape `T1/fvm/m/sl' will be
(Font)              scaled to size 10.20007pt on input line 50.


LaTeX Font Warning: Font shape `T1/fvm/m/scsl' undefined
(Font)              using `T1/fvm/m/sc' instead on input line 50.


LaTeX Font Warning: Font shape `T1/fvm/m/sc' undefined
(Font)              using `T1/fvm/m/n' instead on input line 50.

LaTeX Font Info:    Font shape `T1/fvm/b/n' will be
(Font)              scaled to size 10.20007pt on input line 50.
LaTeX Font Info:    Font shape `T1/fvm/b/it' in size <12> not available
(Font)              Font shape `T1/fvm/b/sl' tried instead on input line 50.
LaTeX Font Info:    Font shape `T1/fvm/b/sl' will be
(Font)              scaled to size 10.20007pt on input line 50.

LaTeX Font Warning: Font shape `T1/fvm/b/scsl' undefined
(Font)              using `T1/fvm/b/sc' instead on input line 50.


LaTeX Font Warning: Font shape `T1/fvm/b/sc' undefined
(Font)              using `T1/fvm/b/n' instead on input line 50.

LaTeX Font Info:    Font shape `T1/fvm/bx/n' in size <12> not available
(Font)              Font shape `T1/fvm/b/n' tried instead on input line 50.
LaTeX Font Info:    Font shape `T1/fvm/b/n' will be
(Font)              scaled to size 10.20007pt on input line 50.
LaTeX Font Info:    Font shape `T1/fvm/bx/it' in size <12> not available
(Font)              Font shape `T1/fvm/b/sl' tried instead on input line 50.
LaTeX Font Info:    Font shape `T1/fvm/b/sl' will be
(Font)              scaled to size 10.20007pt on input line 50.
LaTeX Font Info:    Font shape `T1/fvm/bx/sl' in size <12> not available
(Font)              Font shape `T1/fvm/b/sl' tried instead on input line 50.
LaTeX Font Info:    Font shape `T1/fvm/b/sl' will be
(Font)              scaled to size 10.20007pt on input line 50.

LaTeX Font Warning: Font shape `T1/fvm/bx/scsl' undefined
(Font)              using `T1/fvm/bx/sc' instead on input line 50.


LaTeX Font Warning: Font shape `T1/fvm/bx/sc' undefined
(Font)              using `T1/fvm/bx/n' instead on input line 50.


LaTeX Font Warning: Font shape `T1/fvm/sbx/sc' undefined
(Font)              using `T1/fvm/sb/sc' instead on input line 50.


LaTeX Font Warning: Font shape `T1/fvm/sb/n' undefined
(Font)              using `T1/fvm/m/n' instead on input line 50.


LaTeX Font Warning: Font shape `T1/fvm/sb/it' undefined
(Font)              using `T1/fvm/sb/n' instead on input line 50.

LaTeX Font Info:    Font shape `T1/fvm/sb/n' will be
(Font)              scaled to size 10.20007pt on input line 50.

LaTeX Font Warning: Font shape `T1/fvm/sb/sl' undefined
(Font)              using `T1/fvm/sb/it' instead on input line 50.

LaTeX Font Info:    Font shape `T1/fvm/sb/it' will be
(Font)              scaled to size 10.20007pt on input line 50.

LaTeX Font Warning: Font shape `T1/fvm/sb/scit' undefined
(Font)              using `T1/fvm/sb/sc' instead on input line 50.


LaTeX Font Warning: Font shape `T1/fvm/sb/sc' undefined
(Font)              using `T1/fvm/sb/n' instead on input line 50.


LaTeX Font Warning: Font shape `T1/fvm/sbc/sc' undefined
(Font)              using `T1/fvm/c/sc' instead on input line 50.


LaTeX Font Warning: Font shape `T1/fvm/c/n' undefined
(Font)              using `T1/fvm/m/n' instead on input line 50.


LaTeX Font Warning: Font shape `T1/fvm/c/it' undefined
(Font)              using `T1/fvm/c/n' instead on input line 50.

LaTeX Font Info:    Font shape `T1/fvm/c/n' will be
(Font)              scaled to size 10.20007pt on input line 50.

LaTeX Font Warning: Font shape `T1/fvm/c/sl' undefined
(Font)              using `T1/fvm/c/it' instead on input line 50.

LaTeX Font Info:    Font shape `T1/fvm/c/it' will be
(Font)              scaled to size 10.20007pt on input line 50.

LaTeX Font Warning: Font shape `T1/fvm/c/scit' undefined
(Font)              using `T1/fvm/c/sc' instead on input line 50.


LaTeX Font Warning: Font shape `T1/fvm/c/sc' undefined
(Font)              using `T1/fvm/c/n' instead on input line 50.


LaTeX Font Warning: Font shape `T1/fvm/lc/sc' undefined
(Font)              using `T1/fvm/l/sc' instead on input line 50.


LaTeX Font Warning: Font shape `T1/fvm/l/n' undefined
(Font)              using `T1/fvm/m/n' instead on input line 50.


LaTeX Font Warning: Font shape `T1/fvm/l/it' undefined
(Font)              using `T1/fvm/l/n' instead on input line 50.

LaTeX Font Info:    Font shape `T1/fvm/l/n' will be
(Font)              scaled to size 10.20007pt on input line 50.

LaTeX Font Warning: Font shape `T1/fvm/l/sl' undefined
(Font)              using `T1/fvm/l/it' instead on input line 50.

LaTeX Font Info:    Font shape `T1/fvm/l/it' will be
(Font)              scaled to size 10.20007pt on input line 50.

LaTeX Font Warning: Font shape `T1/fvm/l/scit' undefined
(Font)              using `T1/fvm/l/sc' instead on input line 50.


LaTeX Font Warning: Font shape `T1/fvm/l/sc' undefined
(Font)              using `T1/fvm/l/n' instead on input line 50.


LaTeX Font Warning: Font shape `T1/fvm/m/ui' undefined
(Font)              using `T1/fvm/m/n' instead on input line 50.


LaTeX Font Warning: Font shape `T1/fvm/bx/ui' undefined
(Font)              using `T1/fvm/bx/n' instead on input line 50.


LaTeX Font Warning: Font shape `T1/fvm/m/In' undefined
(Font)              using `T1/fvm/m/n' instead on input line 50.

Package hyperref Info: Link coloring OFF on input line 50.
(kandiah_bachelor_thesis.out) (kandiah_bachelor_thesis.out)
\@outlinefile=\write5
\openout5 = `kandiah_bachelor_thesis.out'.

 (template/title.tex
*geometry* verbose mode - [ newgeometry ] result:
* driver: pdftex
* paper: a4paper
* layout: <same size as paper>
* layoutoffset:(h,v)=(0.0pt,0.0pt)
* modes: 
* h-part:(L,W,R)=(56.9055pt, 483.69687pt, 56.9055pt)
* v-part:(T,H,B)=(56.9055pt, 731.23584pt, 56.9055pt)
* \paperwidth=597.50787pt
* \paperheight=845.04684pt
* \textwidth=483.69687pt
* \textheight=731.23584pt
* \oddsidemargin=-15.36449pt
* \evensidemargin=-15.36449pt
* \topmargin=-44.59085pt
* \headheight=15.0pt
* \headsep=14.22636pt
* \topskip=12.0pt
* \footskip=30.0pt
* \marginparwidth=44.0pt
* \marginparsep=10.0pt
* \columnsep=10.0pt
* \skip\footins=10.8pt plus 4.0pt minus 2.0pt
* \hoffset=0.0pt
* \voffset=0.0pt
* \mag=1000
* \@twocolumnfalse
* \@twosidefalse
* \@mparswitchfalse
* \@reversemarginfalse
* (1in=72.27pt=25.4mm, 1cm=28.453pt)

<template/images/title/hepia_logo.jpg, id=241, 456.70625pt x 119.44624pt>
File: template/images/title/hepia_logo.jpg Graphic file (type jpg)
<use template/images/title/hepia_logo.jpg>
Package pdftex.def Info: template/images/title/hepia_logo.jpg  used on input line 15.
(pdftex.def)             Requested size: 140.33702pt x 36.70386pt.
<template/images/title/hes-so_geneve_logo.png, id=242, 492.33937pt x 141.52875pt>
File: template/images/title/hes-so_geneve_logo.png Graphic file (type png)
<use template/images/title/hes-so_geneve_logo.png>
Package pdftex.def Info: template/images/title/hes-so_geneve_logo.png  used on input line 18.
(pdftex.def)             Requested size: 127.68217pt x 36.70386pt.
LaTeX Font Info:    Trying to load font information for T1+phv on input line 22.
 (C:\Users\abiva\AppData\Local\Programs\MiKTeX\tex/latex/psnfss\t1phv.fd
File: t1phv.fd 2020/03/25 scalable font definitions for T1/phv.
)
<figures/fpga_cluster.jpg, id=244, 873.2625pt x 655.44875pt>
File: figures/fpga_cluster.jpg Graphic file (type jpg)
<use figures/fpga_cluster.jpg>
Package pdftex.def Info: figures/fpga_cluster.jpg  used on input line 32.
(pdftex.def)             Requested size: 227.61586pt x 227.62025pt.
LaTeX Font Info:    Trying to load font information for OT1+ztmcm on input line 50.
 (C:\Users\abiva\AppData\Local\Programs\MiKTeX\tex/latex/psnfss\ot1ztmcm.fd
File: ot1ztmcm.fd 2000/01/03 Fontinst v1.801 font definitions for OT1/ztmcm.
)
LaTeX Font Info:    Trying to load font information for OML+ztmcm on input line 50.
 (C:\Users\abiva\AppData\Local\Programs\MiKTeX\tex/latex/psnfss\omlztmcm.fd
File: omlztmcm.fd 2000/01/03 Fontinst v1.801 font definitions for OML/ztmcm.
)
LaTeX Font Info:    Trying to load font information for OMS+ztmcm on input line 50.
 (C:\Users\abiva\AppData\Local\Programs\MiKTeX\tex/latex/psnfss\omsztmcm.fd
File: omsztmcm.fd 2000/01/03 Fontinst v1.801 font definitions for OMS/ztmcm.
)
LaTeX Font Info:    Trying to load font information for OMX+ztmcm on input line 50.
 (C:\Users\abiva\AppData\Local\Programs\MiKTeX\tex/latex/psnfss\omxztmcm.fd
File: omxztmcm.fd 2000/01/03 Fontinst v1.801 font definitions for OMX/ztmcm.
)
LaTeX Font Info:    Trying to load font information for OT1+ptm on input line 50.
 (C:\Users\abiva\AppData\Local\Programs\MiKTeX\tex/latex/psnfss\ot1ptm.fd
File: ot1ptm.fd 2001/06/04 font definitions for OT1/ptm.
)
LaTeX Font Info:    Font shape `OT1/ptm/bx/n' in size <12> not available
(Font)              Font shape `OT1/ptm/b/n' tried instead on input line 50.
LaTeX Font Info:    Font shape `OT1/ptm/bx/n' in size <9> not available
(Font)              Font shape `OT1/ptm/b/n' tried instead on input line 50.
LaTeX Font Info:    Font shape `OT1/ptm/bx/n' in size <7> not available
(Font)              Font shape `OT1/ptm/b/n' tried instead on input line 50.
 [1


{C:/Users/abiva/AppData/Local/MiKTeX/fonts/map/pdftex/pdftex.map}{C:/Users/abiva/AppData/Local/Programs/MiKTeX/fonts/enc/dvips/base/8r.enc} <./template/images/title/hepia_logo.jpg> <./template/images/title/hes-so_geneve_logo.png> <./figures/fpga_cluster.jpg>])
*geometry* verbose mode - [ newgeometry ] result:
* driver: pdftex
* paper: a4paper
* layout: <same size as paper>
* layoutoffset:(h,v)=(0.0pt,0.0pt)
* modes: 
* h-part:(L,W,R)=(71.13188pt, 455.24411pt, 71.13188pt)
* v-part:(T,H,B)=(59.75095pt, 685.71126pt, 99.58464pt)
* \paperwidth=597.50787pt
* \paperheight=845.04684pt
* \textwidth=455.24411pt
* \textheight=685.71126pt
* \oddsidemargin=-1.1381pt
* \evensidemargin=-1.1381pt
* \topmargin=-41.7454pt
* \headheight=15.0pt
* \headsep=14.22636pt
* \topskip=12.0pt
* \footskip=30.0pt
* \marginparwidth=44.0pt
* \marginparsep=10.0pt
* \columnsep=10.0pt
* \skip\footins=10.8pt plus 4.0pt minus 2.0pt
* \hoffset=0.0pt
* \voffset=0.0pt
* \mag=1000
* \@twocolumnfalse
* \@twosidefalse
* \@mparswitchfalse
* \@reversemarginfalse
* (1in=72.27pt=25.4mm, 1cm=28.453pt)

 (chapters/titleref.tex) [2


] (chapters/globaltoc.tex
\c@ttl@toc@default=\count518
 (kandiah_bachelor_thesis.ptc [3


])
\c@ttl@toc@annexes=\count519
) [4] (chapters/dedication.tex) [5

] (chapters/acknowledgements.tex) [6


]

pdfTeX warning: pdflatex (file ./figures/enonce.pdf): PDF inclusion: found PDF version <1.7>, but at most version <1.5> allowed
<figures/enonce.pdf, id=394, 597.55246pt x 845.07718pt>
File: figures/enonce.pdf Graphic file (type pdf)
<use figures/enonce.pdf>
Package pdftex.def Info: figures/enonce.pdf  used on input line 81.
(pdftex.def)             Requested size: 597.551pt x 845.07512pt.


pdfTeX warning: pdflatex (file ./figures/enonce.pdf): PDF inclusion: found PDF version <1.7>, but at most version <1.5> allowed
File: figures/enonce.pdf Graphic file (type pdf)
<use figures/enonce.pdf>
Package pdftex.def Info: figures/enonce.pdf  used on input line 81.
(pdftex.def)             Requested size: 597.551pt x 845.07512pt.


pdfTeX warning: pdflatex (file ./figures/enonce.pdf): PDF inclusion: found PDF version <1.7>, but at most version <1.5> allowed


pdfTeX warning: pdflatex (file ./figures/enonce.pdf): PDF inclusion: found PDF version <1.7>, but at most version <1.5> allowed
<figures/enonce.pdf, id=397, page=1, 597.55246pt x 845.07718pt>
File: figures/enonce.pdf Graphic file (type pdf)
<use figures/enonce.pdf, page 1>
Package pdftex.def Info: figures/enonce.pdf , page1 used on input line 81.
(pdftex.def)             Requested size: 597.551pt x 845.07512pt.
File: figures/enonce.pdf Graphic file (type pdf)
<use figures/enonce.pdf, page 1>
Package pdftex.def Info: figures/enonce.pdf , page1 used on input line 81.
(pdftex.def)             Requested size: 597.57834pt x 845.1138pt.
File: figures/enonce.pdf Graphic file (type pdf)
<use figures/enonce.pdf, page 1>
Package pdftex.def Info: figures/enonce.pdf , page1 used on input line 81.
(pdftex.def)             Requested size: 597.57834pt x 845.1138pt.
File: figures/enonce.pdf Graphic file (type pdf)
<use figures/enonce.pdf, page 1>
Package pdftex.def Info: figures/enonce.pdf , page1 used on input line 81.
(pdftex.def)             Requested size: 597.57834pt x 845.1138pt.
File: figures/enonce.pdf Graphic file (type pdf)
<use figures/enonce.pdf, page 1>
Package pdftex.def Info: figures/enonce.pdf , page1 used on input line 81.
(pdftex.def)             Requested size: 597.57834pt x 845.1138pt.
[7


 <./figures/enonce.pdf>] (chapters/abstract.tex) [8


] (chapters/acronyms.tex
Using TeX to sort glossary entries---this may take a while
) [9



] (chapters/figureslist.tex (kandiah_bachelor_thesis.lof)
\tf@lof=\write6
\openout6 = `kandiah_bachelor_thesis.lof'.

) [10


] (chapters/tableslist.tex (kandiah_bachelor_thesis.lot)
\tf@lot=\write7
\openout7 = `kandiah_bachelor_thesis.lot'.


Overfull \hbox (17.13472pt too wide) in paragraph at lines 16--17
[]\T1/ptm/m/n/12 URL05 []ce-site.ch/publications/documents/rapports/rapportsdestage/monrapportdestage.pdf[] 
 []

) [11


] (chapters/annexestoc.tex (kandiah_bachelor_thesis.ptc)) [12


] (chapters/intro.tex
LaTeX Font Info:    Font shape `T1/fvm/m/n' will be
(Font)              scaled to size 8.50006pt on input line 8.
LaTeX Font Info:    Font shape `OT1/ptm/bx/n' in size <10> not available
(Font)              Font shape `OT1/ptm/b/n' tried instead on input line 8.
LaTeX Font Info:    Font shape `OT1/ptm/bx/n' in size <7.4> not available
(Font)              Font shape `OT1/ptm/b/n' tried instead on input line 8.
LaTeX Font Info:    Font shape `OT1/ptm/bx/n' in size <6> not available
(Font)              Font shape `OT1/ptm/b/n' tried instead on input line 8.
 [1


]) [2] (chapters/chap0.tex
Chapitre 1.
[3


] [4]
<figures/hash_function.png, id=604, 550.6974pt x 268.8444pt>
File: figures/hash_function.png Graphic file (type png)
<use figures/hash_function.png>
Package pdftex.def Info: figures/hash_function.png  used on input line 35.
(pdftex.def)             Requested size: 318.66948pt x 155.57297pt.
<figures/hash_salt.png, id=605, 680.7834pt x 326.6604pt>
File: figures/hash_salt.png Graphic file (type png)
<use figures/hash_salt.png>
Package pdftex.def Info: figures/hash_salt.png  used on input line 47.
(pdftex.def)             Requested size: 318.66948pt x 152.90236pt.
 [5 <./figures/hash_function.png> <./figures/hash_salt.png>]) (chapters/chap1.tex [6]
Chapitre 2.
[7

]
<figures/bcrypt_algo.png, id=627, 492.1587pt x 289.8027pt>
File: figures/bcrypt_algo.png Graphic file (type png)
<use figures/bcrypt_algo.png>
Package pdftex.def Info: figures/bcrypt_algo.png  used on input line 35.
(pdftex.def)             Requested size: 318.66948pt x 187.6443pt.
 [8 <./figures/bcrypt_algo.png>]
<figures/bcrypt_hash_format.png, id=633, 362.0727pt x 181.3977pt>
File: figures/bcrypt_hash_format.png Graphic file (type png)
<use figures/bcrypt_hash_format.png>
Package pdftex.def Info: figures/bcrypt_hash_format.png  used on input line 48.
(pdftex.def)             Requested size: 318.66948pt x 159.65536pt.
<figures/base_64.png, id=637, 348.3414pt x 188.6247pt>
File: figures/base_64.png Graphic file (type png)
<use figures/base_64.png>
Package pdftex.def Info: figures/base_64.png  used on input line 58.
(pdftex.def)             Requested size: 318.66948pt x 172.56975pt.
) (chapters/chap2.tex [9 <./figures/bcrypt_hash_format.png> <./figures/base_64.png>] [10]
Chapitre 3.
<figures/bcrypt_architecture.png, id=651, 606.3453pt x 304.2567pt>
File: figures/bcrypt_architecture.png Graphic file (type png)
<use figures/bcrypt_architecture.png>
Package pdftex.def Info: figures/bcrypt_architecture.png  used on input line 14.
(pdftex.def)             Requested size: 409.71692pt x 205.58725pt.
[11

 <./figures/bcrypt_architecture.png>]
<figures/bcrypt_core_interface.png, id=660, 463.2507pt x 246.4407pt>
File: figures/bcrypt_core_interface.png Graphic file (type png)
<use figures/bcrypt_core_interface.png>
Package pdftex.def Info: figures/bcrypt_core_interface.png  used on input line 38.
(pdftex.def)             Requested size: 409.71692pt x 217.97403pt.
 [12 <./figures/bcrypt_core_interface.png>]
<figures/bcrypt_core_simplified.png, id=668, 787.743pt x 348.3414pt>
File: figures/bcrypt_core_simplified.png Graphic file (type png)
<use figures/bcrypt_core_simplified.png>
Package pdftex.def Info: figures/bcrypt_core_simplified.png  used on input line 51.
(pdftex.def)             Requested size: 409.71692pt x 181.18109pt.
 [13 <./figures/bcrypt_core_simplified.png>]
<figures/bcrypt_core_simplified_fsm.png, id=676, 336.0555pt x 405.4347pt>
File: figures/bcrypt_core_simplified_fsm.png Graphic file (type png)
<use figures/bcrypt_core_simplified_fsm.png>
Package pdftex.def Info: figures/bcrypt_core_simplified_fsm.png  used on input line 68.
(pdftex.def)             Requested size: 318.66948pt x 384.48027pt.
 [14 <./figures/bcrypt_core_simplified_fsm.png>]
<figures/bcrypt_tb_timing.png, id=682, 766.62099pt x 339.35478pt>
File: figures/bcrypt_tb_timing.png Graphic file (type png)
<use figures/bcrypt_tb_timing.png>
Package pdftex.def Info: figures/bcrypt_tb_timing.png  used on input line 80.
(pdftex.def)             Requested size: 409.71692pt x 181.36919pt.
 [15 <./figures/bcrypt_tb_timing.png>]
<figures/conversion_table.png, id=689, 145.2627pt x 261.6174pt>
File: figures/conversion_table.png Graphic file (type png)
<use figures/conversion_table.png>
Package pdftex.def Info: figures/conversion_table.png  used on input line 109.
(pdftex.def)             Requested size: 113.81102pt x 204.97888pt.
 [16 <./figures/conversion_table.png>] [17]
<figures/bcrypt_quad_simplified_fsm.png, id=700, 541.3023pt x 348.3414pt>
File: figures/bcrypt_quad_simplified_fsm.png Graphic file (type png)
<use figures/bcrypt_quad_simplified_fsm.png>
Package pdftex.def Info: figures/bcrypt_quad_simplified_fsm.png  used on input line 139.
(pdftex.def)             Requested size: 318.66948pt x 205.07848pt.
 [18 <./figures/bcrypt_quad_simplified_fsm.png>]
<figures/bcrypt_cracker_tb_timing.png, id=708, 1164.35pt x 542.025pt>
File: figures/bcrypt_cracker_tb_timing.png Graphic file (type png)
<use figures/bcrypt_cracker_tb_timing.png>
Package pdftex.def Info: figures/bcrypt_cracker_tb_timing.png  used on input line 164.
(pdftex.def)             Requested size: 409.71692pt x 190.72887pt.
) (chapters/chap3.tex [19 <./figures/bcrypt_cracker_tb_timing.png>]
Chapitre 4.
<figures/communication_protocol_mosi_packet_format.png, id=715, 462.528pt x 296.307pt>
File: figures/communication_protocol_mosi_packet_format.png Graphic file (type png)
<use figures/communication_protocol_mosi_packet_format.png>
Package pdftex.def Info: figures/communication_protocol_mosi_packet_format.png  used on input line 18.
(pdftex.def)             Requested size: 318.66948pt x 204.15816pt.
[20

 <./figures/communication_protocol_mosi_packet_format.png>]
<figures/communication_protocol_miso_packet_format.png, id=721, 463.2507pt x 592.614pt>
File: figures/communication_protocol_miso_packet_format.png Graphic file (type png)
<use figures/communication_protocol_miso_packet_format.png>
Package pdftex.def Info: figures/communication_protocol_miso_packet_format.png  used on input line 27.
(pdftex.def)             Requested size: 318.66948pt x 407.68335pt.
 [21 <./figures/communication_protocol_miso_packet_format.png>]
<figures/communication_protocol_top_rev2.png, id=727, 579.6054pt x 362.0727pt>
File: figures/communication_protocol_top_rev2.png Graphic file (type png)
<use figures/communication_protocol_top_rev2.png>
Package pdftex.def Info: figures/communication_protocol_top_rev2.png  used on input line 40.
(pdftex.def)             Requested size: 318.66948pt x 199.06877pt.
 [22 <./figures/communication_protocol_top_rev2.png>] [23]) (chapters/chap4.tex [24]
Chapitre 5.
<figures/stats_cpu.png, id=741, 462.528pt x 346.896pt>
File: figures/stats_cpu.png Graphic file (type png)
<use figures/stats_cpu.png>
Package pdftex.def Info: figures/stats_cpu.png  used on input line 11.
(pdftex.def)             Requested size: 318.66948pt x 239.01443pt.
) (chapters/conclusion.tex [25

 <./figures/stats_cpu.png>]) (chapters/annexes.tex [26

] [27

]) (chapters/references.tex [28

]

Package biblatex Warning: Option 'omitnumbers' requires 'defernumbers=true'.
(biblatex)                Ignoring 'omitnumbers=true' on input line 6.

LaTeX Font Info:    Trying to load font information for TS1+ptm on input line 6.
(C:\Users\abiva\AppData\Local\Programs\MiKTeX\tex/latex/psnfss\ts1ptm.fd
File: ts1ptm.fd 2001/06/04 font definitions for TS1/ptm.
) [29

])
\tf@ptc=\write8
\openout8 = `kandiah_bachelor_thesis.ptc'.

 [30] (kandiah_bachelor_thesis.aux)
 ***********
LaTeX2e <2023-11-01> patch level 1
L3 programming layer <2024-03-14>
 ***********


LaTeX Font Warning: Some font shapes were not available, defaults substituted.

Package rerunfilecheck Info: File `kandiah_bachelor_thesis.out' has not changed.
(rerunfilecheck)             Checksum: 48E7509CBBFA3726E4CCF3BF7D8C2CCE;8797.
Package logreq Info: Writing requests to 'kandiah_bachelor_thesis.run.xml'.
\openout1 = `kandiah_bachelor_thesis.run.xml'.

 ) 
Here is how much of TeX's memory you used:
 42569 strings out of 474424
 816989 string characters out of 5741739
 1942496 words of memory out of 5000000
 63981 multiletter control sequences out of 15000+600000
 646875 words of font info for 124 fonts, out of 8000000 for 9000
 1141 hyphenation exceptions out of 8191
 99i,17n,96p,2478b,2371s stack positions out of 10000i,1000n,20000p,200000b,200000s
<C:/Users/abiva/AppData/Local/Programs/MiKTeX/fonts/type1/bera/fvmr8a.pfb><C:/Users/abiva/AppData/Local/Programs/MiKTeX/fonts/type1/urw/helvetic/uhvb8a.pfb><C:/Users/abiva/AppData/Local/Programs/MiKTeX/fonts/type1/urw/helvetic/uhvr8a.pfb><C:/Users/abiva/AppData/Local/Programs/MiKTeX/fonts/type1/urw/times/utmb8a.pfb><C:/Users/abiva/AppData/Local/Programs/MiKTeX/fonts/type1/urw/times/utmr8a.pfb><C:/Users/abiva/AppData/Local/Programs/MiKTeX/fonts/type1/urw/times/utmri8a.pfb>
Output written on kandiah_bachelor_thesis.pdf (42 pages, 2265072 bytes).
PDF statistics:
 872 PDF objects out of 1000 (max. 8388607)
 153 named destinations out of 1000 (max. 500000)
 605 words of extra memory for PDF output out of 10000 (max. 10000000)

